2021-12-31 19:43:06,646:WARNING:discord.client: PyNaCl is not installed, voice will NOT be supported
2021-12-31 19:43:06,646:DEBUG:discord.client: on_ready has successfully been registered as an event
2021-12-31 19:43:06,775:INFO:discord.client: logging in using static token
2021-12-31 19:43:06,988:DEBUG:discord.http: GET https://discord.com/api/v7/users/@me with None has returned 200
2021-12-31 19:43:06,988:DEBUG:discord.http: GET https://discord.com/api/v7/users/@me has received {'id': '813476522836885525', 'username': 'sussybot dev', 'avatar': 'c03ad2fbdf1959387c4b00dfc9d5a62f', 'discriminator': '3013', 'public_flags': 0, 'flags': 0, 'bot': True, 'banner': None, 'banner_color': None, 'accent_color': None, 'bio': '', 'locale': 'en-US', 'mfa_enabled': True, 'email': None, 'verified': True}
2021-12-31 19:43:07,009:DEBUG:discord.http: GET https://discord.com/api/v7/gateway with None has returned 200
2021-12-31 19:43:07,010:DEBUG:discord.http: GET https://discord.com/api/v7/gateway has received {'url': 'wss://gateway.discord.gg'}
2021-12-31 19:43:07,173:DEBUG:discord.gateway: Created websocket connected to wss://gateway.discord.gg?encoding=json&v=6&compress=zlib-stream
2021-12-31 19:43:07,174:DEBUG:discord.client: Dispatching event socket_raw_receive
2021-12-31 19:43:07,174:DEBUG:discord.gateway: For Shard ID None: WebSocket Event: {'t': None, 's': None, 'op': 10, 'd': {'heartbeat_interval': 41250, '_trace': ['["gateway-prd-main-1bw8",{"micros":0.0}]']}}
2021-12-31 19:43:07,174:DEBUG:discord.client: Dispatching event socket_response
2021-12-31 19:43:07,174:DEBUG:discord.client: Dispatching event socket_raw_send
2021-12-31 19:43:07,175:DEBUG:discord.client: Dispatching event socket_raw_send
2021-12-31 19:43:07,175:INFO:discord.gateway: Shard ID None has sent the IDENTIFY payload.
2021-12-31 19:43:07,295:DEBUG:discord.client: Dispatching event socket_raw_receive
2021-12-31 19:43:07,296:DEBUG:discord.gateway: For Shard ID None: WebSocket Event: {'t': None, 's': None, 'op': 11, 'd': None}
2021-12-31 19:43:07,296:DEBUG:discord.client: Dispatching event socket_response
2021-12-31 19:43:07,475:DEBUG:discord.client: Dispatching event socket_raw_receive
2021-12-31 19:43:07,475:DEBUG:discord.gateway: For Shard ID None: WebSocket Event: {'t': 'READY', 's': 1, 'op': 0, 'd': {'v': 6, 'user_settings': {}, 'user': {'verified': True, 'username': 'sussybot dev', 'mfa_enabled': True, 'id': '813476522836885525', 'flags': 0, 'email': None, 'discriminator': '3013', 'bot': True, 'avatar': 'c03ad2fbdf1959387c4b00dfc9d5a62f'}, 'session_id': '06fd5e25449666573e30f3069749d1f2', 'relationships': [], 'private_channels': [], 'presences': [], 'guilds': [{'unavailable': True, 'id': '594851991583195137'}], 'guild_join_requests': [], 'geo_ordered_rtc_regions': ['milan', 'stockholm', 'rotterdam', 'st-pete', 'russia'], 'application': {'id': '813476522836885525', 'flags': 262144}, '_trace': ['["gateway-prd-main-1bw8",{"micros":177599,"calls":["discord-sessions-blue-prd-2-114",{"micros":176749,"calls":["start_session",{"micros":150371,"calls":["api-prd-main-4tcr",{"micros":143004,"calls":["get_user",{"micros":7490},"add_authorized_ip",{"micros":7261},"get_guilds",{"micros":29208},"coros_wait",{"micros":1}]}]},"guilds_connect",{"micros":1,"calls":[]},"presence_connect",{"micros":4886,"calls":[]}]}]}]']}}
2021-12-31 19:43:07,475:DEBUG:discord.client: Dispatching event socket_response
2021-12-31 19:43:07,475:INFO:discord.gateway: Shard ID None has connected to Gateway: ["gateway-prd-main-1bw8",{"micros":177599,"calls":["discord-sessions-blue-prd-2-114",{"micros":176749,"calls":["start_session",{"micros":150371,"calls":["api-prd-main-4tcr",{"micros":143004,"calls":["get_user",{"micros":7490},"add_authorized_ip",{"micros":7261},"get_guilds",{"micros":29208},"coros_wait",{"micros":1}]}]},"guilds_connect",{"micros":1,"calls":[]},"presence_connect",{"micros":4886,"calls":[]}]}]}] (Session ID: 06fd5e25449666573e30f3069749d1f2).
2021-12-31 19:43:07,484:DEBUG:discord.client: Dispatching event connect
2021-12-31 19:43:07,485:DEBUG:discord.client: Dispatching event socket_raw_receive
2021-12-31 19:43:07,485:DEBUG:discord.gateway: For Shard ID None: WebSocket Event: {'t': 'GUILD_MEMBER_UPDATE', 's': 2, 'op': 0, 'd': {'user': {'username': 'sussybot dev', 'id': '813476522836885525', 'discriminator': '3013', 'bot': True, 'avatar': 'c03ad2fbdf1959387c4b00dfc9d5a62f'}, 'roles': ['820650766720827402'], 'mute': False, 'joined_at': '2021-02-22T18:55:13.059000+00:00', 'hoisted_role': None, 'guild_id': '594851991583195137', 'deaf': False}}
2021-12-31 19:43:07,485:DEBUG:discord.client: Dispatching event socket_response
2021-12-31 19:43:07,485:DEBUG:discord.state: GUILD_MEMBER_UPDATE referencing an unknown member ID: 813476522836885525. Discarding.
2021-12-31 19:43:07,485:DEBUG:discord.client: Dispatching event socket_raw_receive
2021-12-31 19:43:07,485:DEBUG:discord.gateway: For Shard ID None: WebSocket Event: {'t': 'GUILD_CREATE', 's': 3, 'op': 0, 'd': {'presences': [], 'guild_scheduled_events': [], 'application_command_count': 0, 'max_members': 250000, 'features': [], 'name': 'Botekko', 'explicit_content_filter': 0, 'stage_instances': [], 'description': None, 'guild_hashes': {'version': 1, 'roles': {'omitted': False, 'hash': 'FcHvIdx3TxU'}, 'metadata': {'omitted': False, 'hash': 'aeKGZ8nmMH8'}, 'channels': {'omitted': False, 'hash': 'QuYaj553zvQ'}}, 'max_video_channel_users': 25, 'voice_states': [], 'default_message_notifications': 0, 'public_updates_channel_id': None, 'application_id': None, 'system_channel_flags': 0, 'emojis': [{'roles': [], 'require_colons': True, 'name': 'microbe_2', 'managed': False, 'id': '921081559220629534', 'available': True, 'animated': False}], 'rules_channel_id': None, 'members': [{'user': {'username': 'sussybot dev', 'id': '813476522836885525', 'discriminator': '3013', 'bot': True, 'avatar': 'c03ad2fbdf1959387c4b00dfc9d5a62f'}, 'roles': ['820650766720827402'], 'mute': False, 'joined_at': '2021-02-22T18:55:13.059000+00:00', 'hoisted_role': None, 'deaf': False}], 'roles': [{'unicode_emoji': None, 'position': 0, 'permissions_new': '1071698665025', 'permissions': 104324673, 'name': '@everyone', 'mentionable': False, 'managed': False, 'id': '594851991583195137', 'icon': None, 'hoist': False, 'color': 0}, {'unicode_emoji': None, 'tags': {'bot_id': '533308949957443594'}, 'position': 2, 'permissions_new': '6442450952', 'permissions': 8, 'name': 'SkyBot', 'mentionable': False, 'managed': True, 'id': '594852222668505088', 'icon': None, 'hoist': False, 'color': 0}, {'unicode_emoji': None, 'position': 1, 'permissions_new': '6546775625', 'permissions': 104324681, 'name': 'nub', 'mentionable': False, 'managed': False, 'id': '820650766720827402', 'icon': None, 'hoist': False, 'color': 3447003}, {'unicode_emoji': None, 'tags': {'bot_id': '904794012144246795'}, 'position': 1, 'permissions_new': '534723950656', 'permissions': 522304, 'name': 'sussy bot', 'mentionable': False, 'managed': True, 'id': '904794987584176199', 'icon': None, 'hoist': False, 'color': 0}, {'unicode_emoji': None, 'tags': {'bot_id': '134073775925886976'}, 'position': 1, 'permissions_new': '117824', 'permissions': 117824, 'name': 'MathBot', 'mentionable': False, 'managed': True, 'id': '925873308111605810', 'icon': None, 'hoist': False, 'color': 0}], 'premium_progress_bar_enabled': False, 'embedded_activities': [], 'hub_type': None, 'icon': None, 'unavailable': False, 'splash': None, 'nsfw_level': 0, 'system_channel_id': '594851991583195141', 'discovery_splash': None, 'verification_level': 0, 'lazy': True, 'premium_tier': 0, 'threads': [], 'application_command_counts': {'3': 0, '2': 0, '1': 0}, 'region': 'deprecated', 'owner_id': '351007376779771904', 'nsfw': False, 'channels': [{'type': 4, 'position': 0, 'permission_overwrites': [], 'name': 'Kanały tekstowe', 'id': '594851991583195139'}, {'type': 0, 'topic': None, 'rate_limit_per_user': 0, 'position': 0, 'permission_overwrites': [], 'parent_id': '594851991583195139', 'name': 'ogólny', 'last_message_id': '926305581365604352', 'id': '594851991583195141'}, {'type': 4, 'position': 0, 'permission_overwrites': [], 'name': 'Kanały głosowe', 'id': '594851991583195143'}, {'user_limit': 0, 'type': 2, 'rtc_region': None, 'rate_limit_per_user': 0, 'position': 0, 'permission_overwrites': [], 'parent_id': '594851991583195143', 'name': 'Ogólne', 'last_message_id': None, 'id': '594851991583195145', 'bitrate': 64000}, {'type': 0, 'topic': None, 'rate_limit_per_user': 0, 'position': 1, 'permission_overwrites': [{'type': 'role', 'id': '594851991583195137', 'deny_new': '0', 'deny': 0, 'allow_new': '0', 'allow': 0}], 'parent_id': '594851991583195139', 'name': 'testowansko', 'last_message_id': '923601445712977930', 'id': '820650672697507870'}, {'type': 0, 'topic': None, 'rate_limit_per_user': 0, 'position': 2, 'permission_overwrites': [{'type': 'role', 'id': '594851991583195137', 'deny_new': '1024', 'deny': 1024, 'allow_new': '0', 'allow': 0}, {'type': 'member', 'id': '813476522836885525', 'deny_new': '0', 'deny': 0, 'allow_new': '1024', 'allow': 1024}, {'type': 'member', 'id': '319463802171293699', 'deny_new': '0', 'deny': 0, 'allow_new': '1024', 'allow': 1024}], 'parent_id': '594851991583195139', 'nsfw': False, 'name': 'dev', 'last_message_id': '925040932317982720', 'id': '923602353809154058', 'banner': None}, {'type': 0, 'topic': None, 'rate_limit_per_user': 0, 'position': 3, 'permission_overwrites': [{'type': 'role', 'id': '594851991583195137', 'deny_new': '1024', 'deny': 1024, 'allow_new': '0', 'allow': 0}, {'type': 'member', 'id': '904794012144246795', 'deny_new': '0', 'deny': 0, 'allow_new': '1024', 'allow': 1024}, {'type': 'member', 'id': '813476522836885525', 'deny_new': '0', 'deny': 0, 'allow_new': '1024', 'allow': 1024}], 'parent_id': '594851991583195139', 'nsfw': False, 'name': 'omikron', 'last_message_id': '924428799079231608', 'id': '923615011350384650', 'banner': None}, {'type': 0, 'topic': None, 'rate_limit_per_user': 0, 'position': 4, 'permission_overwrites': [], 'parent_id': '594851991583195139', 'nsfw': False, 'name': 'pojebane-obliczenia', 'last_message_id': '925887121934417990', 'id': '925873356618735716', 'banner': None}], 'id': '594851991583195137', 'member_count': 6, 'preferred_locale': 'en-US', 'vanity_url_code': None, 'stickers': [], 'afk_timeout': 300, 'mfa_level': 0, 'banner': None, 'large': False, 'premium_subscription_count': 0, 'afk_channel_id': None, 'joined_at': '2021-02-22T18:55:13.059000+00:00'}}
2021-12-31 19:43:07,485:DEBUG:discord.client: Dispatching event socket_response
2021-12-31 19:43:07,486:DEBUG:discord.client: Dispatching event guild_available
2021-12-31 19:43:09,495:DEBUG:discord.client: Dispatching event ready
2021-12-31 19:43:34,758:DEBUG:discord.client: Dispatching event socket_raw_receive
2021-12-31 19:43:34,758:DEBUG:discord.gateway: For Shard ID None: WebSocket Event: {'t': 'MESSAGE_CREATE', 's': 4, 'op': 0, 'd': {'type': 0, 'tts': False, 'timestamp': '2021-12-31T18:43:35.652000+00:00', 'referenced_message': None, 'pinned': False, 'nonce': '926546141695180800', 'mentions': [], 'mention_roles': [], 'mention_everyone': False, 'member': {'roles': ['820650766720827402'], 'mute': False, 'joined_at': '2019-06-30T11:29:26.615000+00:00', 'hoisted_role': None, 'deaf': False}, 'id': '926546146212577300', 'flags': 0, 'embeds': [], 'edited_timestamp': None, 'content': '!time', 'components': [], 'channel_id': '923602353809154058', 'author': {'username': '.sky', 'public_flags': 768, 'id': '351007376779771904', 'discriminator': '9999', 'avatar': '340cf1c9155e1f5af4c32ac4cbccae94'}, 'attachments': [], 'guild_id': '594851991583195137'}}
2021-12-31 19:43:34,758:DEBUG:discord.client: Dispatching event socket_response
2021-12-31 19:43:34,758:DEBUG:discord.client: Dispatching event message
2021-12-31 19:43:34,758:DEBUG:discord.client: Dispatching event command
2021-12-31 19:43:34,986:DEBUG:discord.client: Dispatching event socket_raw_receive
2021-12-31 19:43:34,987:DEBUG:discord.gateway: For Shard ID None: WebSocket Event: {'t': 'MESSAGE_CREATE', 's': 5, 'op': 0, 'd': {'type': 0, 'tts': False, 'timestamp': '2021-12-31T18:43:35.877000+00:00', 'referenced_message': None, 'pinned': False, 'mentions': [], 'mention_roles': [], 'mention_everyone': False, 'member': {'roles': ['820650766720827402'], 'mute': False, 'joined_at': '2021-02-22T18:55:13.059000+00:00', 'hoisted_role': None, 'deaf': False}, 'id': '926546147156328518', 'flags': 0, 'embeds': [], 'edited_timestamp': None, 'content': '2021-12-31 19:43:34.758592', 'components': [], 'channel_id': '923602353809154058', 'author': {'username': 'sussybot dev', 'public_flags': 0, 'id': '813476522836885525', 'discriminator': '3013', 'bot': True, 'avatar': 'c03ad2fbdf1959387c4b00dfc9d5a62f'}, 'attachments': [], 'guild_id': '594851991583195137'}}
2021-12-31 19:43:34,987:DEBUG:discord.client: Dispatching event socket_response
2021-12-31 19:43:34,987:DEBUG:discord.client: Dispatching event message
2021-12-31 19:43:35,015:DEBUG:discord.http: POST https://discord.com/api/v7/channels/923602353809154058/messages with {"content":"2021-12-31 19:43:34.758592"} has returned 200
2021-12-31 19:43:35,016:DEBUG:discord.http: POST https://discord.com/api/v7/channels/923602353809154058/messages has received {'id': '926546147156328518', 'type': 0, 'content': '2021-12-31 19:43:34.758592', 'channel_id': '923602353809154058', 'author': {'id': '813476522836885525', 'username': 'sussybot dev', 'avatar': 'c03ad2fbdf1959387c4b00dfc9d5a62f', 'discriminator': '3013', 'public_flags': 0, 'bot': True}, 'attachments': [], 'embeds': [], 'mentions': [], 'mention_roles': [], 'pinned': False, 'mention_everyone': False, 'tts': False, 'timestamp': '2021-12-31T18:43:35.877000+00:00', 'edited_timestamp': None, 'flags': 0, 'components': [], 'referenced_message': None}
2021-12-31 19:43:35,016:DEBUG:discord.client: Dispatching event command_completion
2021-12-31 19:43:36,115:DEBUG:discord.client: Dispatching event socket_raw_receive
2021-12-31 19:43:36,115:DEBUG:discord.gateway: For Shard ID None: WebSocket Event: {'t': 'MESSAGE_CREATE', 's': 6, 'op': 0, 'd': {'type': 0, 'tts': False, 'timestamp': '2021-12-31T18:43:36.997000+00:00', 'referenced_message': None, 'pinned': False, 'nonce': '926546147063889920', 'mentions': [], 'mention_roles': [], 'mention_everyone': False, 'member': {'roles': ['820650766720827402'], 'mute': False, 'joined_at': '2019-06-30T11:29:26.615000+00:00', 'hoisted_role': None, 'deaf': False}, 'id': '926546151853940816', 'flags': 0, 'embeds': [], 'edited_timestamp': None, 'content': 'kox', 'components': [], 'channel_id': '923602353809154058', 'author': {'username': '.sky', 'public_flags': 768, 'id': '351007376779771904', 'discriminator': '9999', 'avatar': '340cf1c9155e1f5af4c32ac4cbccae94'}, 'attachments': [], 'guild_id': '594851991583195137'}}
2021-12-31 19:43:36,115:DEBUG:discord.client: Dispatching event socket_response
2021-12-31 19:43:36,115:DEBUG:discord.client: Dispatching event message
2021-12-31 19:43:48,433:DEBUG:discord.gateway: Keeping shard ID None websocket alive with sequence 6.
2021-12-31 19:43:48,556:DEBUG:discord.client: Dispatching event socket_raw_receive
2021-12-31 19:43:48,556:DEBUG:discord.gateway: For Shard ID None: WebSocket Event: {'t': None, 's': None, 'op': 11, 'd': None}
2021-12-31 19:43:48,557:DEBUG:discord.client: Dispatching event socket_response
2021-12-31 19:44:29,689:DEBUG:discord.gateway: Keeping shard ID None websocket alive with sequence 6.
2021-12-31 19:44:29,812:DEBUG:discord.client: Dispatching event socket_raw_receive
2021-12-31 19:44:29,812:DEBUG:discord.gateway: For Shard ID None: WebSocket Event: {'t': None, 's': None, 'op': 11, 'd': None}
2021-12-31 19:44:29,812:DEBUG:discord.client: Dispatching event socket_response
2021-12-31 19:45:10,953:DEBUG:discord.gateway: Keeping shard ID None websocket alive with sequence 6.
2021-12-31 19:45:11,077:DEBUG:discord.client: Dispatching event socket_raw_receive
2021-12-31 19:45:11,077:DEBUG:discord.gateway: For Shard ID None: WebSocket Event: {'t': None, 's': None, 'op': 11, 'd': None}
2021-12-31 19:45:11,077:DEBUG:discord.client: Dispatching event socket_response
2021-12-31 19:45:52,205:DEBUG:discord.gateway: Keeping shard ID None websocket alive with sequence 6.
2021-12-31 19:45:52,334:DEBUG:discord.client: Dispatching event socket_raw_receive
2021-12-31 19:45:52,334:DEBUG:discord.gateway: For Shard ID None: WebSocket Event: {'t': None, 's': None, 'op': 11, 'd': None}
2021-12-31 19:45:52,334:DEBUG:discord.client: Dispatching event socket_response
2021-12-31 19:46:33,457:DEBUG:discord.gateway: Keeping shard ID None websocket alive with sequence 6.
2021-12-31 19:46:33,582:DEBUG:discord.client: Dispatching event socket_raw_receive
2021-12-31 19:46:33,582:DEBUG:discord.gateway: For Shard ID None: WebSocket Event: {'t': None, 's': None, 'op': 11, 'd': None}
2021-12-31 19:46:33,582:DEBUG:discord.client: Dispatching event socket_response
2021-12-31 19:47:14,709:DEBUG:discord.gateway: Keeping shard ID None websocket alive with sequence 6.
2021-12-31 19:47:14,829:DEBUG:discord.client: Dispatching event socket_raw_receive
2021-12-31 19:47:14,829:DEBUG:discord.gateway: For Shard ID None: WebSocket Event: {'t': None, 's': None, 'op': 11, 'd': None}
2021-12-31 19:47:14,829:DEBUG:discord.client: Dispatching event socket_response
2021-12-31 19:47:55,969:DEBUG:discord.gateway: Keeping shard ID None websocket alive with sequence 6.
2021-12-31 19:47:56,091:DEBUG:discord.client: Dispatching event socket_raw_receive
2021-12-31 19:47:56,091:DEBUG:discord.gateway: For Shard ID None: WebSocket Event: {'t': None, 's': None, 'op': 11, 'd': None}
2021-12-31 19:47:56,091:DEBUG:discord.client: Dispatching event socket_response
2021-12-31 19:48:37,229:DEBUG:discord.gateway: Keeping shard ID None websocket alive with sequence 6.
2021-12-31 19:48:37,352:DEBUG:discord.client: Dispatching event socket_raw_receive
2021-12-31 19:48:37,352:DEBUG:discord.gateway: For Shard ID None: WebSocket Event: {'t': None, 's': None, 'op': 11, 'd': None}
2021-12-31 19:48:37,352:DEBUG:discord.client: Dispatching event socket_response
2021-12-31 19:49:18,480:DEBUG:discord.gateway: Keeping shard ID None websocket alive with sequence 6.
2021-12-31 19:49:18,602:DEBUG:discord.client: Dispatching event socket_raw_receive
2021-12-31 19:49:18,602:DEBUG:discord.gateway: For Shard ID None: WebSocket Event: {'t': None, 's': None, 'op': 11, 'd': None}
2021-12-31 19:49:18,602:DEBUG:discord.client: Dispatching event socket_response
2021-12-31 19:49:59,731:DEBUG:discord.gateway: Keeping shard ID None websocket alive with sequence 6.
2021-12-31 19:49:59,857:DEBUG:discord.client: Dispatching event socket_raw_receive
2021-12-31 19:49:59,857:DEBUG:discord.gateway: For Shard ID None: WebSocket Event: {'t': None, 's': None, 'op': 11, 'd': None}
2021-12-31 19:49:59,857:DEBUG:discord.client: Dispatching event socket_response
2021-12-31 19:50:40,989:DEBUG:discord.gateway: Keeping shard ID None websocket alive with sequence 6.
2021-12-31 19:50:41,117:DEBUG:discord.client: Dispatching event socket_raw_receive
2021-12-31 19:50:41,117:DEBUG:discord.gateway: For Shard ID None: WebSocket Event: {'t': None, 's': None, 'op': 11, 'd': None}
2021-12-31 19:50:41,117:DEBUG:discord.client: Dispatching event socket_response
2021-12-31 19:51:22,245:DEBUG:discord.gateway: Keeping shard ID None websocket alive with sequence 6.
2021-12-31 19:51:22,370:DEBUG:discord.client: Dispatching event socket_raw_receive
2021-12-31 19:51:22,370:DEBUG:discord.gateway: For Shard ID None: WebSocket Event: {'t': None, 's': None, 'op': 11, 'd': None}
2021-12-31 19:51:22,370:DEBUG:discord.client: Dispatching event socket_response
2021-12-31 19:52:03,507:DEBUG:discord.gateway: Keeping shard ID None websocket alive with sequence 6.
2021-12-31 19:52:03,632:DEBUG:discord.client: Dispatching event socket_raw_receive
2021-12-31 19:52:03,632:DEBUG:discord.gateway: For Shard ID None: WebSocket Event: {'t': None, 's': None, 'op': 11, 'd': None}
2021-12-31 19:52:03,632:DEBUG:discord.client: Dispatching event socket_response
2021-12-31 19:52:44,758:DEBUG:discord.gateway: Keeping shard ID None websocket alive with sequence 6.
2021-12-31 19:52:44,884:DEBUG:discord.client: Dispatching event socket_raw_receive
2021-12-31 19:52:44,884:DEBUG:discord.gateway: For Shard ID None: WebSocket Event: {'t': None, 's': None, 'op': 11, 'd': None}
2021-12-31 19:52:44,884:DEBUG:discord.client: Dispatching event socket_response
2021-12-31 19:53:26,015:DEBUG:discord.gateway: Keeping shard ID None websocket alive with sequence 6.
2021-12-31 19:53:26,142:DEBUG:discord.client: Dispatching event socket_raw_receive
2021-12-31 19:53:26,143:DEBUG:discord.gateway: For Shard ID None: WebSocket Event: {'t': None, 's': None, 'op': 11, 'd': None}
2021-12-31 19:53:26,143:DEBUG:discord.client: Dispatching event socket_response
2021-12-31 19:54:07,269:DEBUG:discord.gateway: Keeping shard ID None websocket alive with sequence 6.
2021-12-31 19:54:07,395:DEBUG:discord.client: Dispatching event socket_raw_receive
2021-12-31 19:54:07,395:DEBUG:discord.gateway: For Shard ID None: WebSocket Event: {'t': None, 's': None, 'op': 11, 'd': None}
2021-12-31 19:54:07,395:DEBUG:discord.client: Dispatching event socket_response
2021-12-31 19:54:48,526:DEBUG:discord.gateway: Keeping shard ID None websocket alive with sequence 6.
2021-12-31 19:54:48,650:DEBUG:discord.client: Dispatching event socket_raw_receive
2021-12-31 19:54:48,650:DEBUG:discord.gateway: For Shard ID None: WebSocket Event: {'t': None, 's': None, 'op': 11, 'd': None}
2021-12-31 19:54:48,650:DEBUG:discord.client: Dispatching event socket_response
2021-12-31 19:55:29,791:DEBUG:discord.gateway: Keeping shard ID None websocket alive with sequence 6.
2021-12-31 19:55:29,912:DEBUG:discord.client: Dispatching event socket_raw_receive
2021-12-31 19:55:29,913:DEBUG:discord.gateway: For Shard ID None: WebSocket Event: {'t': None, 's': None, 'op': 11, 'd': None}
2021-12-31 19:55:29,913:DEBUG:discord.client: Dispatching event socket_response
2021-12-31 19:56:11,048:DEBUG:discord.gateway: Keeping shard ID None websocket alive with sequence 6.
2021-12-31 19:56:11,170:DEBUG:discord.client: Dispatching event socket_raw_receive
2021-12-31 19:56:11,170:DEBUG:discord.gateway: For Shard ID None: WebSocket Event: {'t': None, 's': None, 'op': 11, 'd': None}
2021-12-31 19:56:11,170:DEBUG:discord.client: Dispatching event socket_response
2021-12-31 19:56:52,302:DEBUG:discord.gateway: Keeping shard ID None websocket alive with sequence 6.
2021-12-31 19:56:52,423:DEBUG:discord.client: Dispatching event socket_raw_receive
2021-12-31 19:56:52,423:DEBUG:discord.gateway: For Shard ID None: WebSocket Event: {'t': None, 's': None, 'op': 11, 'd': None}
2021-12-31 19:56:52,423:DEBUG:discord.client: Dispatching event socket_response
2021-12-31 19:57:33,562:DEBUG:discord.gateway: Keeping shard ID None websocket alive with sequence 6.
2021-12-31 19:57:33,687:DEBUG:discord.client: Dispatching event socket_raw_receive
2021-12-31 19:57:33,687:DEBUG:discord.gateway: For Shard ID None: WebSocket Event: {'t': None, 's': None, 'op': 11, 'd': None}
2021-12-31 19:57:33,687:DEBUG:discord.client: Dispatching event socket_response
2021-12-31 19:58:14,824:DEBUG:discord.gateway: Keeping shard ID None websocket alive with sequence 6.
2021-12-31 19:58:14,957:DEBUG:discord.client: Dispatching event socket_raw_receive
2021-12-31 19:58:14,957:DEBUG:discord.gateway: For Shard ID None: WebSocket Event: {'t': None, 's': None, 'op': 11, 'd': None}
2021-12-31 19:58:14,957:DEBUG:discord.client: Dispatching event socket_response
2021-12-31 19:58:56,089:DEBUG:discord.gateway: Keeping shard ID None websocket alive with sequence 6.
2021-12-31 19:58:56,212:DEBUG:discord.client: Dispatching event socket_raw_receive
2021-12-31 19:58:56,212:DEBUG:discord.gateway: For Shard ID None: WebSocket Event: {'t': None, 's': None, 'op': 11, 'd': None}
2021-12-31 19:58:56,212:DEBUG:discord.client: Dispatching event socket_response
2021-12-31 19:59:37,344:DEBUG:discord.gateway: Keeping shard ID None websocket alive with sequence 6.
2021-12-31 19:59:37,466:DEBUG:discord.client: Dispatching event socket_raw_receive
2021-12-31 19:59:37,466:DEBUG:discord.gateway: For Shard ID None: WebSocket Event: {'t': None, 's': None, 'op': 11, 'd': None}
2021-12-31 19:59:37,466:DEBUG:discord.client: Dispatching event socket_response
2021-12-31 20:00:18,606:DEBUG:discord.gateway: Keeping shard ID None websocket alive with sequence 6.
2021-12-31 20:00:18,738:DEBUG:discord.client: Dispatching event socket_raw_receive
2021-12-31 20:00:18,738:DEBUG:discord.gateway: For Shard ID None: WebSocket Event: {'t': None, 's': None, 'op': 11, 'd': None}
2021-12-31 20:00:18,738:DEBUG:discord.client: Dispatching event socket_response
2021-12-31 20:00:59,860:DEBUG:discord.gateway: Keeping shard ID None websocket alive with sequence 6.
2021-12-31 20:00:59,983:DEBUG:discord.client: Dispatching event socket_raw_receive
2021-12-31 20:00:59,983:DEBUG:discord.gateway: For Shard ID None: WebSocket Event: {'t': None, 's': None, 'op': 11, 'd': None}
2021-12-31 20:00:59,983:DEBUG:discord.client: Dispatching event socket_response
2021-12-31 20:01:41,115:DEBUG:discord.gateway: Keeping shard ID None websocket alive with sequence 6.
2021-12-31 20:01:41,239:DEBUG:discord.client: Dispatching event socket_raw_receive
2021-12-31 20:01:41,239:DEBUG:discord.gateway: For Shard ID None: WebSocket Event: {'t': None, 's': None, 'op': 11, 'd': None}
2021-12-31 20:01:41,239:DEBUG:discord.client: Dispatching event socket_response
2021-12-31 20:02:22,370:DEBUG:discord.gateway: Keeping shard ID None websocket alive with sequence 6.
2021-12-31 20:02:22,494:DEBUG:discord.client: Dispatching event socket_raw_receive
2021-12-31 20:02:22,495:DEBUG:discord.gateway: For Shard ID None: WebSocket Event: {'t': None, 's': None, 'op': 11, 'd': None}
2021-12-31 20:02:22,495:DEBUG:discord.client: Dispatching event socket_response
2021-12-31 20:03:03,631:DEBUG:discord.gateway: Keeping shard ID None websocket alive with sequence 6.
2021-12-31 20:03:03,770:DEBUG:discord.client: Dispatching event socket_raw_receive
2021-12-31 20:03:03,771:DEBUG:discord.gateway: For Shard ID None: WebSocket Event: {'t': None, 's': None, 'op': 11, 'd': None}
2021-12-31 20:03:03,771:DEBUG:discord.client: Dispatching event socket_response
2021-12-31 20:03:44,882:DEBUG:discord.gateway: Keeping shard ID None websocket alive with sequence 6.
2021-12-31 20:03:45,003:DEBUG:discord.client: Dispatching event socket_raw_receive
2021-12-31 20:03:45,003:DEBUG:discord.gateway: For Shard ID None: WebSocket Event: {'t': None, 's': None, 'op': 11, 'd': None}
2021-12-31 20:03:45,003:DEBUG:discord.client: Dispatching event socket_response
2021-12-31 20:04:26,139:DEBUG:discord.gateway: Keeping shard ID None websocket alive with sequence 6.
2021-12-31 20:04:26,268:DEBUG:discord.client: Dispatching event socket_raw_receive
2021-12-31 20:04:26,268:DEBUG:discord.gateway: For Shard ID None: WebSocket Event: {'t': None, 's': None, 'op': 11, 'd': None}
2021-12-31 20:04:26,268:DEBUG:discord.client: Dispatching event socket_response
2021-12-31 20:05:07,391:DEBUG:discord.gateway: Keeping shard ID None websocket alive with sequence 6.
2021-12-31 20:05:07,511:DEBUG:discord.client: Dispatching event socket_raw_receive
2021-12-31 20:05:07,512:DEBUG:discord.gateway: For Shard ID None: WebSocket Event: {'t': None, 's': None, 'op': 11, 'd': None}
2021-12-31 20:05:07,512:DEBUG:discord.client: Dispatching event socket_response
2021-12-31 20:05:48,643:DEBUG:discord.gateway: Keeping shard ID None websocket alive with sequence 6.
2021-12-31 20:05:48,768:DEBUG:discord.client: Dispatching event socket_raw_receive
2021-12-31 20:05:48,768:DEBUG:discord.gateway: For Shard ID None: WebSocket Event: {'t': None, 's': None, 'op': 11, 'd': None}
2021-12-31 20:05:48,768:DEBUG:discord.client: Dispatching event socket_response
2021-12-31 20:06:29,899:DEBUG:discord.gateway: Keeping shard ID None websocket alive with sequence 6.
2021-12-31 20:06:30,024:DEBUG:discord.client: Dispatching event socket_raw_receive
2021-12-31 20:06:30,024:DEBUG:discord.gateway: For Shard ID None: WebSocket Event: {'t': None, 's': None, 'op': 11, 'd': None}
2021-12-31 20:06:30,024:DEBUG:discord.client: Dispatching event socket_response
2021-12-31 20:07:11,157:DEBUG:discord.gateway: Keeping shard ID None websocket alive with sequence 6.
2021-12-31 20:07:11,284:DEBUG:discord.client: Dispatching event socket_raw_receive
2021-12-31 20:07:11,284:DEBUG:discord.gateway: For Shard ID None: WebSocket Event: {'t': None, 's': None, 'op': 11, 'd': None}
2021-12-31 20:07:11,284:DEBUG:discord.client: Dispatching event socket_response
2021-12-31 20:07:52,407:DEBUG:discord.gateway: Keeping shard ID None websocket alive with sequence 6.
2021-12-31 20:07:52,529:DEBUG:discord.client: Dispatching event socket_raw_receive
2021-12-31 20:07:52,529:DEBUG:discord.gateway: For Shard ID None: WebSocket Event: {'t': None, 's': None, 'op': 11, 'd': None}
2021-12-31 20:07:52,529:DEBUG:discord.client: Dispatching event socket_response
2021-12-31 20:08:33,672:DEBUG:discord.gateway: Keeping shard ID None websocket alive with sequence 6.
2021-12-31 20:08:33,799:DEBUG:discord.client: Dispatching event socket_raw_receive
2021-12-31 20:08:33,799:DEBUG:discord.gateway: For Shard ID None: WebSocket Event: {'t': None, 's': None, 'op': 11, 'd': None}
2021-12-31 20:08:33,799:DEBUG:discord.client: Dispatching event socket_response
2021-12-31 20:09:14,937:DEBUG:discord.gateway: Keeping shard ID None websocket alive with sequence 6.
2021-12-31 20:09:15,061:DEBUG:discord.client: Dispatching event socket_raw_receive
2021-12-31 20:09:15,061:DEBUG:discord.gateway: For Shard ID None: WebSocket Event: {'t': None, 's': None, 'op': 11, 'd': None}
2021-12-31 20:09:15,061:DEBUG:discord.client: Dispatching event socket_response
2021-12-31 20:09:56,194:DEBUG:discord.gateway: Keeping shard ID None websocket alive with sequence 6.
2021-12-31 20:09:56,320:DEBUG:discord.client: Dispatching event socket_raw_receive
2021-12-31 20:09:56,320:DEBUG:discord.gateway: For Shard ID None: WebSocket Event: {'t': None, 's': None, 'op': 11, 'd': None}
2021-12-31 20:09:56,320:DEBUG:discord.client: Dispatching event socket_response
2021-12-31 20:10:37,451:DEBUG:discord.gateway: Keeping shard ID None websocket alive with sequence 6.
2021-12-31 20:10:37,574:DEBUG:discord.client: Dispatching event socket_raw_receive
2021-12-31 20:10:37,574:DEBUG:discord.gateway: For Shard ID None: WebSocket Event: {'t': None, 's': None, 'op': 11, 'd': None}
2021-12-31 20:10:37,574:DEBUG:discord.client: Dispatching event socket_response
2021-12-31 20:11:18,702:DEBUG:discord.gateway: Keeping shard ID None websocket alive with sequence 6.
2021-12-31 20:11:18,825:DEBUG:discord.client: Dispatching event socket_raw_receive
2021-12-31 20:11:18,825:DEBUG:discord.gateway: For Shard ID None: WebSocket Event: {'t': None, 's': None, 'op': 11, 'd': None}
2021-12-31 20:11:18,825:DEBUG:discord.client: Dispatching event socket_response
2021-12-31 20:11:59,965:DEBUG:discord.gateway: Keeping shard ID None websocket alive with sequence 6.
2021-12-31 20:12:00,085:DEBUG:discord.client: Dispatching event socket_raw_receive
2021-12-31 20:12:00,085:DEBUG:discord.gateway: For Shard ID None: WebSocket Event: {'t': None, 's': None, 'op': 11, 'd': None}
2021-12-31 20:12:00,085:DEBUG:discord.client: Dispatching event socket_response
2021-12-31 20:12:41,225:DEBUG:discord.gateway: Keeping shard ID None websocket alive with sequence 6.
2021-12-31 20:12:41,348:DEBUG:discord.client: Dispatching event socket_raw_receive
2021-12-31 20:12:41,348:DEBUG:discord.gateway: For Shard ID None: WebSocket Event: {'t': None, 's': None, 'op': 11, 'd': None}
2021-12-31 20:12:41,348:DEBUG:discord.client: Dispatching event socket_response
2021-12-31 20:13:22,485:DEBUG:discord.gateway: Keeping shard ID None websocket alive with sequence 6.
2021-12-31 20:13:22,604:DEBUG:discord.client: Dispatching event socket_raw_receive
2021-12-31 20:13:22,605:DEBUG:discord.gateway: For Shard ID None: WebSocket Event: {'t': None, 's': None, 'op': 11, 'd': None}
2021-12-31 20:13:22,605:DEBUG:discord.client: Dispatching event socket_response
2021-12-31 20:14:03,742:DEBUG:discord.gateway: Keeping shard ID None websocket alive with sequence 6.
2021-12-31 20:14:03,864:DEBUG:discord.client: Dispatching event socket_raw_receive
2021-12-31 20:14:03,864:DEBUG:discord.gateway: For Shard ID None: WebSocket Event: {'t': None, 's': None, 'op': 11, 'd': None}
2021-12-31 20:14:03,864:DEBUG:discord.client: Dispatching event socket_response
2021-12-31 20:14:44,994:DEBUG:discord.gateway: Keeping shard ID None websocket alive with sequence 6.
2021-12-31 20:14:45,116:DEBUG:discord.client: Dispatching event socket_raw_receive
2021-12-31 20:14:45,116:DEBUG:discord.gateway: For Shard ID None: WebSocket Event: {'t': None, 's': None, 'op': 11, 'd': None}
2021-12-31 20:14:45,116:DEBUG:discord.client: Dispatching event socket_response
2021-12-31 20:15:26,251:DEBUG:discord.gateway: Keeping shard ID None websocket alive with sequence 6.
2021-12-31 20:15:26,376:DEBUG:discord.client: Dispatching event socket_raw_receive
2021-12-31 20:15:26,376:DEBUG:discord.gateway: For Shard ID None: WebSocket Event: {'t': None, 's': None, 'op': 11, 'd': None}
2021-12-31 20:15:26,376:DEBUG:discord.client: Dispatching event socket_response
2021-12-31 20:16:07,504:DEBUG:discord.gateway: Keeping shard ID None websocket alive with sequence 6.
2021-12-31 20:16:07,628:DEBUG:discord.client: Dispatching event socket_raw_receive
2021-12-31 20:16:07,628:DEBUG:discord.gateway: For Shard ID None: WebSocket Event: {'t': None, 's': None, 'op': 11, 'd': None}
2021-12-31 20:16:07,628:DEBUG:discord.client: Dispatching event socket_response
2021-12-31 20:16:48,756:DEBUG:discord.gateway: Keeping shard ID None websocket alive with sequence 6.
2021-12-31 20:16:48,881:DEBUG:discord.client: Dispatching event socket_raw_receive
2021-12-31 20:16:48,881:DEBUG:discord.gateway: For Shard ID None: WebSocket Event: {'t': None, 's': None, 'op': 11, 'd': None}
2021-12-31 20:16:48,881:DEBUG:discord.client: Dispatching event socket_response
2021-12-31 20:17:30,011:DEBUG:discord.gateway: Keeping shard ID None websocket alive with sequence 6.
2021-12-31 20:17:30,132:DEBUG:discord.client: Dispatching event socket_raw_receive
2021-12-31 20:17:30,132:DEBUG:discord.gateway: For Shard ID None: WebSocket Event: {'t': None, 's': None, 'op': 11, 'd': None}
2021-12-31 20:17:30,132:DEBUG:discord.client: Dispatching event socket_response
2021-12-31 20:18:11,266:DEBUG:discord.gateway: Keeping shard ID None websocket alive with sequence 6.
2021-12-31 20:18:11,391:DEBUG:discord.client: Dispatching event socket_raw_receive
2021-12-31 20:18:11,391:DEBUG:discord.gateway: For Shard ID None: WebSocket Event: {'t': None, 's': None, 'op': 11, 'd': None}
2021-12-31 20:18:11,391:DEBUG:discord.client: Dispatching event socket_response
2021-12-31 20:18:52,527:DEBUG:discord.gateway: Keeping shard ID None websocket alive with sequence 6.
2021-12-31 20:18:52,650:DEBUG:discord.client: Dispatching event socket_raw_receive
2021-12-31 20:18:52,651:DEBUG:discord.gateway: For Shard ID None: WebSocket Event: {'t': None, 's': None, 'op': 11, 'd': None}
2021-12-31 20:18:52,651:DEBUG:discord.client: Dispatching event socket_response
2021-12-31 20:19:33,784:DEBUG:discord.gateway: Keeping shard ID None websocket alive with sequence 6.
2021-12-31 20:19:33,906:DEBUG:discord.client: Dispatching event socket_raw_receive
2021-12-31 20:19:33,906:DEBUG:discord.gateway: For Shard ID None: WebSocket Event: {'t': None, 's': None, 'op': 11, 'd': None}
2021-12-31 20:19:33,906:DEBUG:discord.client: Dispatching event socket_response
2021-12-31 20:20:15,048:DEBUG:discord.gateway: Keeping shard ID None websocket alive with sequence 6.
2021-12-31 20:20:15,172:DEBUG:discord.client: Dispatching event socket_raw_receive
2021-12-31 20:20:15,172:DEBUG:discord.gateway: For Shard ID None: WebSocket Event: {'t': None, 's': None, 'op': 11, 'd': None}
2021-12-31 20:20:15,172:DEBUG:discord.client: Dispatching event socket_response
2021-12-31 20:20:56,309:DEBUG:discord.gateway: Keeping shard ID None websocket alive with sequence 6.
2021-12-31 20:20:56,430:DEBUG:discord.client: Dispatching event socket_raw_receive
2021-12-31 20:20:56,430:DEBUG:discord.gateway: For Shard ID None: WebSocket Event: {'t': None, 's': None, 'op': 11, 'd': None}
2021-12-31 20:20:56,430:DEBUG:discord.client: Dispatching event socket_response
2021-12-31 20:21:37,572:DEBUG:discord.gateway: Keeping shard ID None websocket alive with sequence 6.
2021-12-31 20:21:37,699:DEBUG:discord.client: Dispatching event socket_raw_receive
2021-12-31 20:21:37,700:DEBUG:discord.gateway: For Shard ID None: WebSocket Event: {'t': None, 's': None, 'op': 11, 'd': None}
2021-12-31 20:21:37,700:DEBUG:discord.client: Dispatching event socket_response
2021-12-31 20:22:18,837:DEBUG:discord.gateway: Keeping shard ID None websocket alive with sequence 6.
2021-12-31 20:22:18,959:DEBUG:discord.client: Dispatching event socket_raw_receive
2021-12-31 20:22:18,959:DEBUG:discord.gateway: For Shard ID None: WebSocket Event: {'t': None, 's': None, 'op': 11, 'd': None}
2021-12-31 20:22:18,960:DEBUG:discord.client: Dispatching event socket_response
2021-12-31 20:23:00,092:DEBUG:discord.gateway: Keeping shard ID None websocket alive with sequence 6.
2021-12-31 20:23:00,214:DEBUG:discord.client: Dispatching event socket_raw_receive
2021-12-31 20:23:00,214:DEBUG:discord.gateway: For Shard ID None: WebSocket Event: {'t': None, 's': None, 'op': 11, 'd': None}
2021-12-31 20:23:00,214:DEBUG:discord.client: Dispatching event socket_response
2021-12-31 20:23:41,346:DEBUG:discord.gateway: Keeping shard ID None websocket alive with sequence 6.
2021-12-31 20:23:41,466:DEBUG:discord.client: Dispatching event socket_raw_receive
2021-12-31 20:23:41,466:DEBUG:discord.gateway: For Shard ID None: WebSocket Event: {'t': None, 's': None, 'op': 11, 'd': None}
2021-12-31 20:23:41,467:DEBUG:discord.client: Dispatching event socket_response
2021-12-31 20:24:22,606:DEBUG:discord.gateway: Keeping shard ID None websocket alive with sequence 6.
2021-12-31 20:24:22,758:DEBUG:discord.client: Dispatching event socket_raw_receive
2021-12-31 20:24:22,758:DEBUG:discord.gateway: For Shard ID None: WebSocket Event: {'t': None, 's': None, 'op': 11, 'd': None}
2021-12-31 20:24:22,758:DEBUG:discord.client: Dispatching event socket_response
2021-12-31 20:25:03,867:DEBUG:discord.gateway: Keeping shard ID None websocket alive with sequence 6.
2021-12-31 20:25:03,989:DEBUG:discord.client: Dispatching event socket_raw_receive
2021-12-31 20:25:03,989:DEBUG:discord.gateway: For Shard ID None: WebSocket Event: {'t': None, 's': None, 'op': 11, 'd': None}
2021-12-31 20:25:03,989:DEBUG:discord.client: Dispatching event socket_response
2021-12-31 20:25:45,118:DEBUG:discord.gateway: Keeping shard ID None websocket alive with sequence 6.
2021-12-31 20:25:45,240:DEBUG:discord.client: Dispatching event socket_raw_receive
2021-12-31 20:25:45,240:DEBUG:discord.gateway: For Shard ID None: WebSocket Event: {'t': None, 's': None, 'op': 11, 'd': None}
2021-12-31 20:25:45,240:DEBUG:discord.client: Dispatching event socket_response
2021-12-31 20:26:26,376:DEBUG:discord.gateway: Keeping shard ID None websocket alive with sequence 6.
2021-12-31 20:26:26,499:DEBUG:discord.client: Dispatching event socket_raw_receive
2021-12-31 20:26:26,499:DEBUG:discord.gateway: For Shard ID None: WebSocket Event: {'t': None, 's': None, 'op': 11, 'd': None}
2021-12-31 20:26:26,499:DEBUG:discord.client: Dispatching event socket_response
2021-12-31 20:27:07,641:DEBUG:discord.gateway: Keeping shard ID None websocket alive with sequence 6.
2021-12-31 20:27:07,766:DEBUG:discord.client: Dispatching event socket_raw_receive
2021-12-31 20:27:07,766:DEBUG:discord.gateway: For Shard ID None: WebSocket Event: {'t': None, 's': None, 'op': 11, 'd': None}
2021-12-31 20:27:07,766:DEBUG:discord.client: Dispatching event socket_response
2021-12-31 20:27:48,899:DEBUG:discord.gateway: Keeping shard ID None websocket alive with sequence 6.
2021-12-31 20:27:49,025:DEBUG:discord.client: Dispatching event socket_raw_receive
2021-12-31 20:27:49,025:DEBUG:discord.gateway: For Shard ID None: WebSocket Event: {'t': None, 's': None, 'op': 11, 'd': None}
2021-12-31 20:27:49,025:DEBUG:discord.client: Dispatching event socket_response
2021-12-31 20:28:30,159:DEBUG:discord.gateway: Keeping shard ID None websocket alive with sequence 6.
2021-12-31 20:28:30,345:DEBUG:discord.client: Dispatching event socket_raw_receive
2021-12-31 20:28:30,345:DEBUG:discord.gateway: For Shard ID None: WebSocket Event: {'t': None, 's': None, 'op': 11, 'd': None}
2021-12-31 20:28:30,345:DEBUG:discord.client: Dispatching event socket_response
2021-12-31 20:29:11,419:DEBUG:discord.gateway: Keeping shard ID None websocket alive with sequence 6.
2021-12-31 20:29:11,541:DEBUG:discord.client: Dispatching event socket_raw_receive
2021-12-31 20:29:11,541:DEBUG:discord.gateway: For Shard ID None: WebSocket Event: {'t': None, 's': None, 'op': 11, 'd': None}
2021-12-31 20:29:11,541:DEBUG:discord.client: Dispatching event socket_response
2021-12-31 20:29:52,675:DEBUG:discord.gateway: Keeping shard ID None websocket alive with sequence 6.
2021-12-31 20:29:52,807:DEBUG:discord.client: Dispatching event socket_raw_receive
2021-12-31 20:29:52,807:DEBUG:discord.gateway: For Shard ID None: WebSocket Event: {'t': None, 's': None, 'op': 11, 'd': None}
2021-12-31 20:29:52,807:DEBUG:discord.client: Dispatching event socket_response
2021-12-31 20:30:33,938:DEBUG:discord.gateway: Keeping shard ID None websocket alive with sequence 6.
2021-12-31 20:30:34,057:DEBUG:discord.client: Dispatching event socket_raw_receive
2021-12-31 20:30:34,057:DEBUG:discord.gateway: For Shard ID None: WebSocket Event: {'t': None, 's': None, 'op': 11, 'd': None}
2021-12-31 20:30:34,058:DEBUG:discord.client: Dispatching event socket_response
2021-12-31 20:31:15,203:DEBUG:discord.gateway: Keeping shard ID None websocket alive with sequence 6.
2021-12-31 20:31:15,326:DEBUG:discord.client: Dispatching event socket_raw_receive
2021-12-31 20:31:15,326:DEBUG:discord.gateway: For Shard ID None: WebSocket Event: {'t': None, 's': None, 'op': 11, 'd': None}
2021-12-31 20:31:15,326:DEBUG:discord.client: Dispatching event socket_response
2021-12-31 20:31:56,454:DEBUG:discord.gateway: Keeping shard ID None websocket alive with sequence 6.
2021-12-31 20:31:56,577:DEBUG:discord.client: Dispatching event socket_raw_receive
2021-12-31 20:31:56,577:DEBUG:discord.gateway: For Shard ID None: WebSocket Event: {'t': None, 's': None, 'op': 11, 'd': None}
2021-12-31 20:31:56,577:DEBUG:discord.client: Dispatching event socket_response
2021-12-31 20:32:37,717:DEBUG:discord.gateway: Keeping shard ID None websocket alive with sequence 6.
2021-12-31 20:32:37,839:DEBUG:discord.client: Dispatching event socket_raw_receive
2021-12-31 20:32:37,839:DEBUG:discord.gateway: For Shard ID None: WebSocket Event: {'t': None, 's': None, 'op': 11, 'd': None}
2021-12-31 20:32:37,839:DEBUG:discord.client: Dispatching event socket_response
2021-12-31 20:33:18,972:DEBUG:discord.gateway: Keeping shard ID None websocket alive with sequence 6.
2021-12-31 20:33:19,097:DEBUG:discord.client: Dispatching event socket_raw_receive
2021-12-31 20:33:19,097:DEBUG:discord.gateway: For Shard ID None: WebSocket Event: {'t': None, 's': None, 'op': 11, 'd': None}
2021-12-31 20:33:19,097:DEBUG:discord.client: Dispatching event socket_response
2021-12-31 20:34:00,234:DEBUG:discord.gateway: Keeping shard ID None websocket alive with sequence 6.
2021-12-31 20:34:00,355:DEBUG:discord.client: Dispatching event socket_raw_receive
2021-12-31 20:34:00,355:DEBUG:discord.gateway: For Shard ID None: WebSocket Event: {'t': None, 's': None, 'op': 11, 'd': None}
2021-12-31 20:34:00,355:DEBUG:discord.client: Dispatching event socket_response
2021-12-31 20:34:41,490:DEBUG:discord.gateway: Keeping shard ID None websocket alive with sequence 6.
2021-12-31 20:34:41,616:DEBUG:discord.client: Dispatching event socket_raw_receive
2021-12-31 20:34:41,616:DEBUG:discord.gateway: For Shard ID None: WebSocket Event: {'t': None, 's': None, 'op': 11, 'd': None}
2021-12-31 20:34:41,616:DEBUG:discord.client: Dispatching event socket_response
2021-12-31 20:35:22,741:DEBUG:discord.gateway: Keeping shard ID None websocket alive with sequence 6.
2021-12-31 20:35:22,863:DEBUG:discord.client: Dispatching event socket_raw_receive
2021-12-31 20:35:22,863:DEBUG:discord.gateway: For Shard ID None: WebSocket Event: {'t': None, 's': None, 'op': 11, 'd': None}
2021-12-31 20:35:22,864:DEBUG:discord.client: Dispatching event socket_response
2021-12-31 20:36:04,004:DEBUG:discord.gateway: Keeping shard ID None websocket alive with sequence 6.
2021-12-31 20:36:04,127:DEBUG:discord.client: Dispatching event socket_raw_receive
2021-12-31 20:36:04,127:DEBUG:discord.gateway: For Shard ID None: WebSocket Event: {'t': None, 's': None, 'op': 11, 'd': None}
2021-12-31 20:36:04,127:DEBUG:discord.client: Dispatching event socket_response
2021-12-31 20:36:45,258:DEBUG:discord.gateway: Keeping shard ID None websocket alive with sequence 6.
2021-12-31 20:36:45,385:DEBUG:discord.client: Dispatching event socket_raw_receive
2021-12-31 20:36:45,385:DEBUG:discord.gateway: For Shard ID None: WebSocket Event: {'t': None, 's': None, 'op': 11, 'd': None}
2021-12-31 20:36:45,385:DEBUG:discord.client: Dispatching event socket_response
2021-12-31 20:37:26,511:DEBUG:discord.gateway: Keeping shard ID None websocket alive with sequence 6.
2021-12-31 20:37:26,638:DEBUG:discord.client: Dispatching event socket_raw_receive
2021-12-31 20:37:26,638:DEBUG:discord.gateway: For Shard ID None: WebSocket Event: {'t': None, 's': None, 'op': 11, 'd': None}
2021-12-31 20:37:26,638:DEBUG:discord.client: Dispatching event socket_response
2021-12-31 20:38:07,762:DEBUG:discord.gateway: Keeping shard ID None websocket alive with sequence 6.
2021-12-31 20:38:07,896:DEBUG:discord.client: Dispatching event socket_raw_receive
2021-12-31 20:38:07,896:DEBUG:discord.gateway: For Shard ID None: WebSocket Event: {'t': None, 's': None, 'op': 11, 'd': None}
2021-12-31 20:38:07,896:DEBUG:discord.client: Dispatching event socket_response
2021-12-31 20:38:49,016:DEBUG:discord.gateway: Keeping shard ID None websocket alive with sequence 6.
2021-12-31 20:38:49,138:DEBUG:discord.client: Dispatching event socket_raw_receive
2021-12-31 20:38:49,138:DEBUG:discord.gateway: For Shard ID None: WebSocket Event: {'t': None, 's': None, 'op': 11, 'd': None}
2021-12-31 20:38:49,138:DEBUG:discord.client: Dispatching event socket_response
2021-12-31 20:39:30,268:DEBUG:discord.gateway: Keeping shard ID None websocket alive with sequence 6.
2021-12-31 20:39:30,390:DEBUG:discord.client: Dispatching event socket_raw_receive
2021-12-31 20:39:30,390:DEBUG:discord.gateway: For Shard ID None: WebSocket Event: {'t': None, 's': None, 'op': 11, 'd': None}
2021-12-31 20:39:30,390:DEBUG:discord.client: Dispatching event socket_response
2021-12-31 20:40:11,533:DEBUG:discord.gateway: Keeping shard ID None websocket alive with sequence 6.
2021-12-31 20:40:11,655:DEBUG:discord.client: Dispatching event socket_raw_receive
2021-12-31 20:40:11,655:DEBUG:discord.gateway: For Shard ID None: WebSocket Event: {'t': None, 's': None, 'op': 11, 'd': None}
2021-12-31 20:40:11,656:DEBUG:discord.client: Dispatching event socket_response
2021-12-31 20:40:52,785:DEBUG:discord.gateway: Keeping shard ID None websocket alive with sequence 6.
2021-12-31 20:40:52,907:DEBUG:discord.client: Dispatching event socket_raw_receive
2021-12-31 20:40:52,907:DEBUG:discord.gateway: For Shard ID None: WebSocket Event: {'t': None, 's': None, 'op': 11, 'd': None}
2021-12-31 20:40:52,908:DEBUG:discord.client: Dispatching event socket_response
2021-12-31 20:41:34,045:DEBUG:discord.gateway: Keeping shard ID None websocket alive with sequence 6.
2021-12-31 20:41:34,168:DEBUG:discord.client: Dispatching event socket_raw_receive
2021-12-31 20:41:34,168:DEBUG:discord.gateway: For Shard ID None: WebSocket Event: {'t': None, 's': None, 'op': 11, 'd': None}
2021-12-31 20:41:34,168:DEBUG:discord.client: Dispatching event socket_response
2021-12-31 20:42:15,297:DEBUG:discord.gateway: Keeping shard ID None websocket alive with sequence 6.
2021-12-31 20:42:15,421:DEBUG:discord.client: Dispatching event socket_raw_receive
2021-12-31 20:42:15,421:DEBUG:discord.gateway: For Shard ID None: WebSocket Event: {'t': None, 's': None, 'op': 11, 'd': None}
2021-12-31 20:42:15,422:DEBUG:discord.client: Dispatching event socket_response
2021-12-31 20:42:56,562:DEBUG:discord.gateway: Keeping shard ID None websocket alive with sequence 6.
2021-12-31 20:42:56,685:DEBUG:discord.client: Dispatching event socket_raw_receive
2021-12-31 20:42:56,685:DEBUG:discord.gateway: For Shard ID None: WebSocket Event: {'t': None, 's': None, 'op': 11, 'd': None}
2021-12-31 20:42:56,685:DEBUG:discord.client: Dispatching event socket_response
2021-12-31 20:43:37,823:DEBUG:discord.gateway: Keeping shard ID None websocket alive with sequence 6.
2021-12-31 20:43:37,945:DEBUG:discord.client: Dispatching event socket_raw_receive
2021-12-31 20:43:37,945:DEBUG:discord.gateway: For Shard ID None: WebSocket Event: {'t': None, 's': None, 'op': 11, 'd': None}
2021-12-31 20:43:37,945:DEBUG:discord.client: Dispatching event socket_response
2021-12-31 20:44:19,084:DEBUG:discord.gateway: Keeping shard ID None websocket alive with sequence 6.
2021-12-31 20:44:19,205:DEBUG:discord.client: Dispatching event socket_raw_receive
2021-12-31 20:44:19,205:DEBUG:discord.gateway: For Shard ID None: WebSocket Event: {'t': None, 's': None, 'op': 11, 'd': None}
2021-12-31 20:44:19,205:DEBUG:discord.client: Dispatching event socket_response
2021-12-31 20:45:00,343:DEBUG:discord.gateway: Keeping shard ID None websocket alive with sequence 6.
2021-12-31 20:45:00,505:DEBUG:discord.client: Dispatching event socket_raw_receive
2021-12-31 20:45:00,505:DEBUG:discord.gateway: For Shard ID None: WebSocket Event: {'t': None, 's': None, 'op': 11, 'd': None}
2021-12-31 20:45:00,505:DEBUG:discord.client: Dispatching event socket_response
2021-12-31 20:45:41,596:DEBUG:discord.gateway: Keeping shard ID None websocket alive with sequence 6.
2021-12-31 20:45:41,718:DEBUG:discord.client: Dispatching event socket_raw_receive
2021-12-31 20:45:41,718:DEBUG:discord.gateway: For Shard ID None: WebSocket Event: {'t': None, 's': None, 'op': 11, 'd': None}
2021-12-31 20:45:41,718:DEBUG:discord.client: Dispatching event socket_response
2021-12-31 20:46:22,858:DEBUG:discord.gateway: Keeping shard ID None websocket alive with sequence 6.
2021-12-31 20:46:22,981:DEBUG:discord.client: Dispatching event socket_raw_receive
2021-12-31 20:46:22,981:DEBUG:discord.gateway: For Shard ID None: WebSocket Event: {'t': None, 's': None, 'op': 11, 'd': None}
2021-12-31 20:46:22,981:DEBUG:discord.client: Dispatching event socket_response
2021-12-31 20:47:04,117:DEBUG:discord.gateway: Keeping shard ID None websocket alive with sequence 6.
2021-12-31 20:47:04,239:DEBUG:discord.client: Dispatching event socket_raw_receive
2021-12-31 20:47:04,239:DEBUG:discord.gateway: For Shard ID None: WebSocket Event: {'t': None, 's': None, 'op': 11, 'd': None}
2021-12-31 20:47:04,239:DEBUG:discord.client: Dispatching event socket_response
2021-12-31 20:47:45,376:DEBUG:discord.gateway: Keeping shard ID None websocket alive with sequence 6.
2021-12-31 20:47:45,498:DEBUG:discord.client: Dispatching event socket_raw_receive
2021-12-31 20:47:45,498:DEBUG:discord.gateway: For Shard ID None: WebSocket Event: {'t': None, 's': None, 'op': 11, 'd': None}
2021-12-31 20:47:45,498:DEBUG:discord.client: Dispatching event socket_response
2021-12-31 20:47:45,509:INFO:discord.client: Received signal to terminate bot and event loop.
2021-12-31 20:47:45,509:INFO:discord.client: Cleaning up tasks.
2021-12-31 20:47:45,510:INFO:discord.client: Cleaning up after 3 tasks.
2021-12-31 20:47:45,521:INFO:discord.client: All tasks finished cancelling.
2021-12-31 20:47:45,521:INFO:discord.client: Closing the event loop.
