2022-01-01 23:56:05,375:WARNING:discord.client: PyNaCl is not installed, voice will NOT be supported
2022-01-01 23:56:05,376:DEBUG:discord.client: on_ready has successfully been registered as an event
2022-01-01 23:56:05,469:INFO:discord.client: logging in using static token
2022-01-01 23:56:05,687:DEBUG:discord.http: GET https://discord.com/api/v7/users/@me with None has returned 200
2022-01-01 23:56:05,688:DEBUG:discord.http: GET https://discord.com/api/v7/users/@me has received {'id': '813476522836885525', 'username': 'sussybot dev', 'avatar': 'c03ad2fbdf1959387c4b00dfc9d5a62f', 'discriminator': '3013', 'public_flags': 0, 'flags': 0, 'bot': True, 'banner': None, 'banner_color': None, 'accent_color': None, 'bio': '', 'locale': 'en-US', 'mfa_enabled': True, 'email': None, 'verified': True}
2022-01-01 23:56:05,717:DEBUG:discord.http: GET https://discord.com/api/v7/gateway with None has returned 200
2022-01-01 23:56:05,718:DEBUG:discord.http: GET https://discord.com/api/v7/gateway has received {'url': 'wss://gateway.discord.gg'}
2022-01-01 23:56:05,897:DEBUG:discord.gateway: Created websocket connected to wss://gateway.discord.gg?encoding=json&v=6&compress=zlib-stream
2022-01-01 23:56:05,897:DEBUG:discord.client: Dispatching event socket_raw_receive
2022-01-01 23:56:05,897:DEBUG:discord.gateway: For Shard ID None: WebSocket Event: {'t': None, 's': None, 'op': 10, 'd': {'heartbeat_interval': 41250, '_trace': ['["gateway-prd-main-bt28",{"micros":0.0}]']}}
2022-01-01 23:56:05,897:DEBUG:discord.client: Dispatching event socket_response
2022-01-01 23:56:05,897:DEBUG:discord.client: Dispatching event socket_raw_send
2022-01-01 23:56:05,898:DEBUG:discord.client: Dispatching event socket_raw_send
2022-01-01 23:56:05,898:INFO:discord.gateway: Shard ID None has sent the IDENTIFY payload.
2022-01-01 23:56:06,019:DEBUG:discord.client: Dispatching event socket_raw_receive
2022-01-01 23:56:06,019:DEBUG:discord.gateway: For Shard ID None: WebSocket Event: {'t': None, 's': None, 'op': 11, 'd': None}
2022-01-01 23:56:06,019:DEBUG:discord.client: Dispatching event socket_response
2022-01-01 23:56:06,152:DEBUG:discord.client: Dispatching event socket_raw_receive
2022-01-01 23:56:06,152:DEBUG:discord.gateway: For Shard ID None: WebSocket Event: {'t': 'READY', 's': 1, 'op': 0, 'd': {'v': 6, 'user_settings': {}, 'user': {'verified': True, 'username': 'sussybot dev', 'mfa_enabled': True, 'id': '813476522836885525', 'flags': 0, 'email': None, 'discriminator': '3013', 'bot': True, 'avatar': 'c03ad2fbdf1959387c4b00dfc9d5a62f'}, 'session_id': 'c191e271db69259ad0c79010c19174c6', 'relationships': [], 'private_channels': [], 'presences': [], 'guilds': [{'unavailable': True, 'id': '594851991583195137'}], 'guild_join_requests': [], 'geo_ordered_rtc_regions': ['milan', 'stockholm', 'rotterdam', 'st-pete', 'russia'], 'application': {'id': '813476522836885525', 'flags': 262144}, '_trace': ['["gateway-prd-main-bt28",{"micros":130483,"calls":["discord-sessions-blue-prd-2-133",{"micros":129718,"calls":["start_session",{"micros":90869,"calls":["api-prd-main-ph64",{"micros":87141,"calls":["get_user",{"micros":6945},"add_authorized_ip",{"micros":8960},"get_guilds",{"micros":6567},"coros_wait",{"micros":2}]}]},"guilds_connect",{"micros":1,"calls":[]},"presence_connect",{"micros":29648,"calls":[]}]}]}]']}}
2022-01-01 23:56:06,152:DEBUG:discord.client: Dispatching event socket_response
2022-01-01 23:56:06,152:INFO:discord.gateway: Shard ID None has connected to Gateway: ["gateway-prd-main-bt28",{"micros":130483,"calls":["discord-sessions-blue-prd-2-133",{"micros":129718,"calls":["start_session",{"micros":90869,"calls":["api-prd-main-ph64",{"micros":87141,"calls":["get_user",{"micros":6945},"add_authorized_ip",{"micros":8960},"get_guilds",{"micros":6567},"coros_wait",{"micros":2}]}]},"guilds_connect",{"micros":1,"calls":[]},"presence_connect",{"micros":29648,"calls":[]}]}]}] (Session ID: c191e271db69259ad0c79010c19174c6).
2022-01-01 23:56:06,162:DEBUG:discord.client: Dispatching event connect
2022-01-01 23:56:06,162:DEBUG:discord.client: Dispatching event socket_raw_receive
2022-01-01 23:56:06,163:DEBUG:discord.gateway: For Shard ID None: WebSocket Event: {'t': 'GUILD_CREATE', 's': 2, 'op': 0, 'd': {'region': 'deprecated', 'verification_level': 0, 'name': 'Botekko', 'application_command_count': 0, 'system_channel_flags': 0, 'voice_states': [], 'guild_hashes': {'version': 1, 'roles': {'omitted': False, 'hash': 'FcHvIdx3TxU'}, 'metadata': {'omitted': False, 'hash': 'aeKGZ8nmMH8'}, 'channels': {'omitted': False, 'hash': 'QuYaj553zvQ'}}, 'system_channel_id': '594851991583195141', 'description': None, 'nsfw_level': 0, 'premium_progress_bar_enabled': False, 'channels': [{'type': 4, 'position': 0, 'permission_overwrites': [], 'name': 'Kanały tekstowe', 'id': '594851991583195139'}, {'type': 0, 'topic': None, 'rate_limit_per_user': 0, 'position': 0, 'permission_overwrites': [], 'parent_id': '594851991583195139', 'name': 'ogólny', 'last_message_id': '926305581365604352', 'id': '594851991583195141'}, {'type': 4, 'position': 0, 'permission_overwrites': [], 'name': 'Kanały głosowe', 'id': '594851991583195143'}, {'user_limit': 0, 'type': 2, 'rtc_region': None, 'rate_limit_per_user': 0, 'position': 0, 'permission_overwrites': [], 'parent_id': '594851991583195143', 'name': 'Ogólne', 'last_message_id': None, 'id': '594851991583195145', 'bitrate': 64000}, {'type': 0, 'topic': None, 'rate_limit_per_user': 0, 'position': 1, 'permission_overwrites': [{'type': 'role', 'id': '594851991583195137', 'deny_new': '0', 'deny': 0, 'allow_new': '0', 'allow': 0}], 'parent_id': '594851991583195139', 'name': 'testowansko', 'last_message_id': '923601445712977930', 'id': '820650672697507870'}, {'type': 0, 'topic': None, 'rate_limit_per_user': 0, 'position': 2, 'permission_overwrites': [{'type': 'role', 'id': '594851991583195137', 'deny_new': '1024', 'deny': 1024, 'allow_new': '0', 'allow': 0}, {'type': 'member', 'id': '813476522836885525', 'deny_new': '0', 'deny': 0, 'allow_new': '1024', 'allow': 1024}, {'type': 'member', 'id': '319463802171293699', 'deny_new': '0', 'deny': 0, 'allow_new': '1024', 'allow': 1024}], 'parent_id': '594851991583195139', 'nsfw': False, 'name': 'dev', 'last_message_id': '926970536922341437', 'id': '923602353809154058', 'banner': None}, {'type': 0, 'topic': None, 'rate_limit_per_user': 0, 'position': 3, 'permission_overwrites': [{'type': 'role', 'id': '594851991583195137', 'deny_new': '1024', 'deny': 1024, 'allow_new': '0', 'allow': 0}, {'type': 'member', 'id': '904794012144246795', 'deny_new': '0', 'deny': 0, 'allow_new': '1024', 'allow': 1024}, {'type': 'member', 'id': '813476522836885525', 'deny_new': '0', 'deny': 0, 'allow_new': '1024', 'allow': 1024}], 'parent_id': '594851991583195139', 'nsfw': False, 'name': 'omikron', 'last_message_id': '924428799079231608', 'id': '923615011350384650', 'banner': None}, {'type': 0, 'topic': None, 'rate_limit_per_user': 0, 'position': 4, 'permission_overwrites': [], 'parent_id': '594851991583195139', 'nsfw': False, 'name': 'pojebane-obliczenia', 'last_message_id': '925887121934417990', 'id': '925873356618735716', 'banner': None}], 'roles': [{'unicode_emoji': None, 'position': 0, 'permissions_new': '1071698665025', 'permissions': 104324673, 'name': '@everyone', 'mentionable': False, 'managed': False, 'id': '594851991583195137', 'icon': None, 'hoist': False, 'color': 0}, {'unicode_emoji': None, 'tags': {'bot_id': '533308949957443594'}, 'position': 2, 'permissions_new': '6442450952', 'permissions': 8, 'name': 'SkyBot', 'mentionable': False, 'managed': True, 'id': '594852222668505088', 'icon': None, 'hoist': False, 'color': 0}, {'unicode_emoji': None, 'position': 1, 'permissions_new': '6546775625', 'permissions': 104324681, 'name': 'nub', 'mentionable': False, 'managed': False, 'id': '820650766720827402', 'icon': None, 'hoist': False, 'color': 3447003}, {'unicode_emoji': None, 'tags': {'bot_id': '904794012144246795'}, 'position': 1, 'permissions_new': '534723950656', 'permissions': 522304, 'name': 'sussy bot', 'mentionable': False, 'managed': True, 'id': '904794987584176199', 'icon': None, 'hoist': False, 'color': 0}, {'unicode_emoji': None, 'tags': {'bot_id': '134073775925886976'}, 'position': 1, 'permissions_new': '117824', 'permissions': 117824, 'name': 'MathBot', 'mentionable': False, 'managed': True, 'id': '925873308111605810', 'icon': None, 'hoist': False, 'color': 0}], 'stage_instances': [], 'application_id': None, 'nsfw': False, 'stickers': [], 'joined_at': '2021-02-22T18:55:13.059000+00:00', 'icon': None, 'max_video_channel_users': 25, 'lazy': True, 'large': False, 'default_message_notifications': 0, 'mfa_level': 0, 'embedded_activities': [], 'afk_channel_id': None, 'public_updates_channel_id': None, 'explicit_content_filter': 0, 'splash': None, 'owner_id': '351007376779771904', 'threads': [], 'discovery_splash': None, 'features': [], 'vanity_url_code': None, 'afk_timeout': 300, 'premium_tier': 0, 'member_count': 6, 'id': '594851991583195137', 'rules_channel_id': None, 'premium_subscription_count': 0, 'application_command_counts': {'3': 0, '2': 0, '1': 0}, 'unavailable': False, 'preferred_locale': 'en-US', 'hub_type': None, 'emojis': [{'roles': [], 'require_colons': True, 'name': 'microbe_2', 'managed': False, 'id': '921081559220629534', 'available': True, 'animated': False}], 'presences': [], 'banner': None, 'members': [{'user': {'username': 'sussybot dev', 'id': '813476522836885525', 'discriminator': '3013', 'bot': True, 'avatar': 'c03ad2fbdf1959387c4b00dfc9d5a62f'}, 'roles': ['820650766720827402'], 'mute': False, 'joined_at': '2021-02-22T18:55:13.059000+00:00', 'hoisted_role': None, 'deaf': False}], 'guild_scheduled_events': [], 'max_members': 250000}}
2022-01-01 23:56:06,163:DEBUG:discord.client: Dispatching event socket_response
2022-01-01 23:56:06,163:DEBUG:discord.client: Dispatching event guild_available
2022-01-01 23:56:08,166:DEBUG:discord.client: Dispatching event ready
2022-01-01 23:56:15,514:DEBUG:discord.client: Dispatching event socket_raw_receive
2022-01-01 23:56:15,514:DEBUG:discord.gateway: For Shard ID None: WebSocket Event: {'t': 'TYPING_START', 's': 3, 'op': 0, 'd': {'user_id': '351007376779771904', 'timestamp': 1641077774, 'member': {'user': {'username': '.sky', 'public_flags': 768, 'id': '351007376779771904', 'discriminator': '9999', 'avatar': '340cf1c9155e1f5af4c32ac4cbccae94'}, 'roles': ['820650766720827402'], 'mute': False, 'joined_at': '2019-06-30T11:29:26.615000+00:00', 'hoisted_role': None, 'deaf': False}, 'channel_id': '923602353809154058', 'guild_id': '594851991583195137'}}
2022-01-01 23:56:15,514:DEBUG:discord.client: Dispatching event socket_response
2022-01-01 23:56:15,515:DEBUG:discord.client: Dispatching event typing
2022-01-01 23:56:17,208:DEBUG:discord.client: Dispatching event socket_raw_receive
2022-01-01 23:56:17,208:DEBUG:discord.gateway: For Shard ID None: WebSocket Event: {'t': 'MESSAGE_CREATE', 's': 4, 'op': 0, 'd': {'type': 0, 'tts': False, 'timestamp': '2022-01-01T22:56:16.632000+00:00', 'referenced_message': None, 'pinned': False, 'nonce': '926972125468688384', 'mentions': [], 'mention_roles': [], 'mention_everyone': False, 'member': {'roles': ['820650766720827402'], 'mute': False, 'joined_at': '2019-06-30T11:29:26.615000+00:00', 'hoisted_role': None, 'deaf': False}, 'id': '926972123837243422', 'flags': 0, 'embeds': [], 'edited_timestamp': None, 'content': '!testOmicron', 'components': [], 'channel_id': '923602353809154058', 'author': {'username': '.sky', 'public_flags': 768, 'id': '351007376779771904', 'discriminator': '9999', 'avatar': '340cf1c9155e1f5af4c32ac4cbccae94'}, 'attachments': [], 'guild_id': '594851991583195137'}}
2022-01-01 23:56:17,209:DEBUG:discord.client: Dispatching event socket_response
2022-01-01 23:56:17,209:DEBUG:discord.client: Dispatching event message
2022-01-01 23:56:17,209:DEBUG:discord.client: Dispatching event command
2022-01-01 23:56:18,570:DEBUG:discord.client: Dispatching event socket_raw_receive
2022-01-01 23:56:18,570:DEBUG:discord.gateway: For Shard ID None: WebSocket Event: {'t': 'MESSAGE_CREATE', 's': 5, 'op': 0, 'd': {'type': 0, 'tts': False, 'timestamp': '2022-01-01T22:56:17.914000+00:00', 'referenced_message': None, 'pinned': False, 'mentions': [], 'mention_roles': [], 'mention_everyone': False, 'member': {'roles': ['820650766720827402'], 'mute': False, 'joined_at': '2021-02-22T18:55:13.059000+00:00', 'hoisted_role': None, 'deaf': False}, 'id': '926972129214357625', 'flags': 0, 'embeds': [{'type': 'rich', 'title': 'Wykryto 0 wariantem Omikron!<:microbe_2:921081559220629534>', 'description': 'Całkowita liczba przypadków Omikron to: 38', 'color': 10594421}], 'edited_timestamp': None, 'content': '', 'components': [], 'channel_id': '923602353809154058', 'author': {'username': 'sussybot dev', 'public_flags': 0, 'id': '813476522836885525', 'discriminator': '3013', 'bot': True, 'avatar': 'c03ad2fbdf1959387c4b00dfc9d5a62f'}, 'attachments': [], 'guild_id': '594851991583195137'}}
2022-01-01 23:56:18,570:DEBUG:discord.client: Dispatching event socket_response
2022-01-01 23:56:18,570:DEBUG:discord.client: Dispatching event message
2022-01-01 23:56:18,619:DEBUG:discord.http: POST https://discord.com/api/v7/channels/923602353809154058/messages with {"embed":{"color":10594421,"type":"rich","description":"Ca\u0142kowita liczba przypadk\u00f3w Omikron to: 38","title":"Wykryto 0 wariantem Omikron!<:microbe_2:921081559220629534>"}} has returned 200
2022-01-01 23:56:18,619:DEBUG:discord.http: POST https://discord.com/api/v7/channels/923602353809154058/messages has received {'id': '926972129214357625', 'type': 0, 'content': '', 'channel_id': '923602353809154058', 'author': {'id': '813476522836885525', 'username': 'sussybot dev', 'avatar': 'c03ad2fbdf1959387c4b00dfc9d5a62f', 'discriminator': '3013', 'public_flags': 0, 'bot': True}, 'attachments': [], 'embeds': [{'type': 'rich', 'title': 'Wykryto 0 wariantem Omikron!<:microbe_2:921081559220629534>', 'description': 'Całkowita liczba przypadków Omikron to: 38', 'color': 10594421}], 'mentions': [], 'mention_roles': [], 'pinned': False, 'mention_everyone': False, 'tts': False, 'timestamp': '2022-01-01T22:56:17.914000+00:00', 'edited_timestamp': None, 'flags': 0, 'components': [], 'referenced_message': None}
2022-01-01 23:56:18,620:DEBUG:discord.client: Dispatching event command_completion
2022-01-01 23:56:30,814:DEBUG:discord.client: Dispatching event socket_raw_receive
2022-01-01 23:56:30,814:DEBUG:discord.gateway: For Shard ID None: WebSocket Event: {'t': 'TYPING_START', 's': 6, 'op': 0, 'd': {'user_id': '351007376779771904', 'timestamp': 1641077790, 'member': {'user': {'username': '.sky', 'public_flags': 768, 'id': '351007376779771904', 'discriminator': '9999', 'avatar': '340cf1c9155e1f5af4c32ac4cbccae94'}, 'roles': ['820650766720827402'], 'mute': False, 'joined_at': '2019-06-30T11:29:26.615000+00:00', 'hoisted_role': None, 'deaf': False}, 'channel_id': '923602353809154058', 'guild_id': '594851991583195137'}}
2022-01-01 23:56:30,814:DEBUG:discord.client: Dispatching event socket_response
2022-01-01 23:56:30,814:DEBUG:discord.client: Dispatching event typing
2022-01-01 23:56:47,154:DEBUG:discord.gateway: Keeping shard ID None websocket alive with sequence 6.
2022-01-01 23:56:47,295:DEBUG:discord.client: Dispatching event socket_raw_receive
2022-01-01 23:56:47,295:DEBUG:discord.gateway: For Shard ID None: WebSocket Event: {'t': None, 's': None, 'op': 11, 'd': None}
2022-01-01 23:56:47,295:DEBUG:discord.client: Dispatching event socket_response
2022-01-01 23:57:19,077:DEBUG:discord.client: Dispatching event socket_raw_receive
2022-01-01 23:57:19,077:DEBUG:discord.gateway: For Shard ID None: WebSocket Event: {'t': 'TYPING_START', 's': 7, 'op': 0, 'd': {'user_id': '351007376779771904', 'timestamp': 1641077838, 'member': {'user': {'username': '.sky', 'public_flags': 768, 'id': '351007376779771904', 'discriminator': '9999', 'avatar': '340cf1c9155e1f5af4c32ac4cbccae94'}, 'roles': ['820650766720827402'], 'mute': False, 'joined_at': '2019-06-30T11:29:26.615000+00:00', 'hoisted_role': None, 'deaf': False}, 'channel_id': '923602353809154058', 'guild_id': '594851991583195137'}}
2022-01-01 23:57:19,077:DEBUG:discord.client: Dispatching event socket_response
2022-01-01 23:57:19,077:DEBUG:discord.client: Dispatching event typing
2022-01-01 23:57:19,360:DEBUG:discord.client: Dispatching event socket_raw_receive
2022-01-01 23:57:19,360:DEBUG:discord.gateway: For Shard ID None: WebSocket Event: {'t': 'MESSAGE_CREATE', 's': 8, 'op': 0, 'd': {'type': 0, 'tts': False, 'timestamp': '2022-01-01T22:57:18.794000+00:00', 'referenced_message': None, 'pinned': False, 'nonce': '926972386157264896', 'mentions': [], 'mention_roles': [], 'mention_everyone': False, 'member': {'roles': ['820650766720827402'], 'mute': False, 'joined_at': '2019-06-30T11:29:26.615000+00:00', 'hoisted_role': None, 'deaf': False}, 'id': '926972384563572787', 'flags': 0, 'embeds': [], 'edited_timestamp': None, 'content': '!testOmicron', 'components': [], 'channel_id': '923602353809154058', 'author': {'username': '.sky', 'public_flags': 768, 'id': '351007376779771904', 'discriminator': '9999', 'avatar': '340cf1c9155e1f5af4c32ac4cbccae94'}, 'attachments': [], 'guild_id': '594851991583195137'}}
2022-01-01 23:57:19,360:DEBUG:discord.client: Dispatching event socket_response
2022-01-01 23:57:19,360:DEBUG:discord.client: Dispatching event message
2022-01-01 23:57:19,360:DEBUG:discord.client: Dispatching event command
2022-01-01 23:57:21,779:DEBUG:discord.client: Dispatching event socket_raw_receive
2022-01-01 23:57:21,779:DEBUG:discord.gateway: For Shard ID None: WebSocket Event: {'t': 'MESSAGE_CREATE', 's': 9, 'op': 0, 'd': {'type': 0, 'tts': False, 'timestamp': '2022-01-01T22:57:21.156000+00:00', 'referenced_message': None, 'pinned': False, 'mentions': [], 'mention_roles': [], 'mention_everyone': False, 'member': {'roles': ['820650766720827402'], 'mute': False, 'joined_at': '2021-02-22T18:55:13.059000+00:00', 'hoisted_role': None, 'deaf': False}, 'id': '926972394470514719', 'flags': 0, 'embeds': [{'type': 'rich', 'title': 'Wykryto 38 nowych zakażeń wariantem Omikron!<:microbe_2:921081559220629534>', 'description': 'Całkowita liczba przypadków Omikron to: 38', 'color': 11322918}], 'edited_timestamp': None, 'content': '', 'components': [], 'channel_id': '923602353809154058', 'author': {'username': 'sussybot dev', 'public_flags': 0, 'id': '813476522836885525', 'discriminator': '3013', 'bot': True, 'avatar': 'c03ad2fbdf1959387c4b00dfc9d5a62f'}, 'attachments': [], 'guild_id': '594851991583195137'}}
2022-01-01 23:57:21,779:DEBUG:discord.client: Dispatching event socket_response
2022-01-01 23:57:21,779:DEBUG:discord.client: Dispatching event message
2022-01-01 23:57:21,811:DEBUG:discord.http: POST https://discord.com/api/v7/channels/923602353809154058/messages with {"embed":{"color":11322918,"type":"rich","description":"Ca\u0142kowita liczba przypadk\u00f3w Omikron to: 38","title":"Wykryto 38 nowych zaka\u017ce\u0144 wariantem Omikron!<:microbe_2:921081559220629534>"}} has returned 200
2022-01-01 23:57:21,811:DEBUG:discord.http: POST https://discord.com/api/v7/channels/923602353809154058/messages has received {'id': '926972394470514719', 'type': 0, 'content': '', 'channel_id': '923602353809154058', 'author': {'id': '813476522836885525', 'username': 'sussybot dev', 'avatar': 'c03ad2fbdf1959387c4b00dfc9d5a62f', 'discriminator': '3013', 'public_flags': 0, 'bot': True}, 'attachments': [], 'embeds': [{'type': 'rich', 'title': 'Wykryto 38 nowych zakażeń wariantem Omikron!<:microbe_2:921081559220629534>', 'description': 'Całkowita liczba przypadków Omikron to: 38', 'color': 11322918}], 'mentions': [], 'mention_roles': [], 'pinned': False, 'mention_everyone': False, 'tts': False, 'timestamp': '2022-01-01T22:57:21.156000+00:00', 'edited_timestamp': None, 'flags': 0, 'components': [], 'referenced_message': None}
2022-01-01 23:57:21,812:DEBUG:discord.client: Dispatching event command_completion
2022-01-01 23:57:28,411:DEBUG:discord.gateway: Keeping shard ID None websocket alive with sequence 9.
2022-01-01 23:57:28,530:DEBUG:discord.client: Dispatching event socket_raw_receive
2022-01-01 23:57:28,531:DEBUG:discord.gateway: For Shard ID None: WebSocket Event: {'t': None, 's': None, 'op': 11, 'd': None}
2022-01-01 23:57:28,531:DEBUG:discord.client: Dispatching event socket_response
2022-01-01 23:57:31,767:DEBUG:discord.client: Dispatching event socket_raw_receive
2022-01-01 23:57:31,767:DEBUG:discord.gateway: For Shard ID None: WebSocket Event: {'t': 'MESSAGE_CREATE', 's': 10, 'op': 0, 'd': {'type': 0, 'tts': False, 'timestamp': '2022-01-01T22:57:31.102000+00:00', 'referenced_message': None, 'pinned': False, 'nonce': '926972437776564224', 'mentions': [], 'mention_roles': [], 'mention_everyone': False, 'member': {'roles': ['820650766720827402'], 'mute': False, 'joined_at': '2019-06-30T11:29:26.615000+00:00', 'hoisted_role': None, 'deaf': False}, 'id': '926972436187058186', 'flags': 0, 'embeds': [], 'edited_timestamp': None, 'content': 'epic', 'components': [], 'channel_id': '923602353809154058', 'author': {'username': '.sky', 'public_flags': 768, 'id': '351007376779771904', 'discriminator': '9999', 'avatar': '340cf1c9155e1f5af4c32ac4cbccae94'}, 'attachments': [], 'guild_id': '594851991583195137'}}
2022-01-01 23:57:31,767:DEBUG:discord.client: Dispatching event socket_response
2022-01-01 23:57:31,767:DEBUG:discord.client: Dispatching event message
2022-01-01 23:58:09,663:DEBUG:discord.gateway: Keeping shard ID None websocket alive with sequence 10.
2022-01-01 23:58:09,806:DEBUG:discord.client: Dispatching event socket_raw_receive
2022-01-01 23:58:09,806:DEBUG:discord.gateway: For Shard ID None: WebSocket Event: {'t': None, 's': None, 'op': 11, 'd': None}
2022-01-01 23:58:09,806:DEBUG:discord.client: Dispatching event socket_response
2022-01-01 23:58:50,923:DEBUG:discord.gateway: Keeping shard ID None websocket alive with sequence 10.
2022-01-01 23:58:51,054:DEBUG:discord.client: Dispatching event socket_raw_receive
2022-01-01 23:58:51,054:DEBUG:discord.gateway: For Shard ID None: WebSocket Event: {'t': None, 's': None, 'op': 11, 'd': None}
2022-01-01 23:58:51,054:DEBUG:discord.client: Dispatching event socket_response
2022-01-01 23:59:30,637:DEBUG:discord.client: Dispatching event socket_raw_receive
2022-01-01 23:59:30,637:DEBUG:discord.gateway: For Shard ID None: WebSocket Event: {'t': 'GUILD_MEMBER_UPDATE', 's': 11, 'op': 0, 'd': {'user': {'username': 'sussybot dev', 'public_flags': 0, 'id': '813476522836885525', 'discriminator': '3013', 'bot': True, 'avatar': 'c03ad2fbdf1959387c4b00dfc9d5a62f'}, 'roles': ['820650766720827402'], 'mute': False, 'joined_at': '2021-02-22T18:55:13.059000+00:00', 'hoisted_role': None, 'guild_id': '594851991583195137', 'deaf': False}}
2022-01-01 23:59:30,637:DEBUG:discord.client: Dispatching event socket_response
2022-01-01 23:59:30,637:DEBUG:discord.client: Dispatching event member_update
2022-01-01 23:59:32,179:DEBUG:discord.gateway: Keeping shard ID None websocket alive with sequence 11.
2022-01-01 23:59:32,301:DEBUG:discord.client: Dispatching event socket_raw_receive
2022-01-01 23:59:32,301:DEBUG:discord.gateway: For Shard ID None: WebSocket Event: {'t': None, 's': None, 'op': 11, 'd': None}
2022-01-01 23:59:32,301:DEBUG:discord.client: Dispatching event socket_response
2022-01-02 00:00:13,430:DEBUG:discord.gateway: Keeping shard ID None websocket alive with sequence 11.
2022-01-02 00:00:13,552:DEBUG:discord.client: Dispatching event socket_raw_receive
2022-01-02 00:00:13,552:DEBUG:discord.gateway: For Shard ID None: WebSocket Event: {'t': None, 's': None, 'op': 11, 'd': None}
2022-01-02 00:00:13,552:DEBUG:discord.client: Dispatching event socket_response
2022-01-02 00:00:27,392:DEBUG:discord.client: Dispatching event socket_raw_receive
2022-01-02 00:00:27,392:DEBUG:discord.gateway: For Shard ID None: WebSocket Event: {'t': 'MESSAGE_CREATE', 's': 12, 'op': 0, 'd': {'type': 0, 'tts': False, 'timestamp': '2022-01-01T23:00:26.809000+00:00', 'referenced_message': None, 'pinned': False, 'nonce': '926973174619308032', 'mentions': [], 'mention_roles': [], 'mention_everyone': False, 'member': {'roles': ['820650766720827402'], 'mute': False, 'joined_at': '2019-06-30T11:29:26.615000+00:00', 'hoisted_role': None, 'deaf': False}, 'id': '926973173155651654', 'flags': 0, 'embeds': [], 'edited_timestamp': None, 'content': '!testOmicron', 'components': [], 'channel_id': '923602353809154058', 'author': {'username': '.sky', 'public_flags': 768, 'id': '351007376779771904', 'discriminator': '9999', 'avatar': '340cf1c9155e1f5af4c32ac4cbccae94'}, 'attachments': [], 'guild_id': '594851991583195137'}}
2022-01-02 00:00:27,392:DEBUG:discord.client: Dispatching event socket_response
2022-01-02 00:00:27,393:DEBUG:discord.client: Dispatching event message
2022-01-02 00:00:27,393:DEBUG:discord.client: Dispatching event command
2022-01-02 00:00:30,639:DEBUG:discord.client: Dispatching event command_error
2022-01-02 00:00:54,681:DEBUG:discord.gateway: Keeping shard ID None websocket alive with sequence 12.
2022-01-02 00:00:54,803:DEBUG:discord.client: Dispatching event socket_raw_receive
2022-01-02 00:00:54,803:DEBUG:discord.gateway: For Shard ID None: WebSocket Event: {'t': None, 's': None, 'op': 11, 'd': None}
2022-01-02 00:00:54,803:DEBUG:discord.client: Dispatching event socket_response
2022-01-02 00:01:35,940:DEBUG:discord.gateway: Keeping shard ID None websocket alive with sequence 12.
2022-01-02 00:01:36,066:DEBUG:discord.client: Dispatching event socket_raw_receive
2022-01-02 00:01:36,066:DEBUG:discord.gateway: For Shard ID None: WebSocket Event: {'t': None, 's': None, 'op': 11, 'd': None}
2022-01-02 00:01:36,066:DEBUG:discord.client: Dispatching event socket_response
2022-01-02 00:02:10,796:DEBUG:discord.client: Dispatching event socket_raw_receive
2022-01-02 00:02:10,796:DEBUG:discord.gateway: For Shard ID None: WebSocket Event: {'t': 'MESSAGE_CREATE', 's': 13, 'op': 0, 'd': {'type': 0, 'tts': False, 'timestamp': '2022-01-01T23:02:10.221000+00:00', 'referenced_message': None, 'pinned': False, 'nonce': '926973608348090368', 'mentions': [], 'mention_roles': [], 'mention_everyone': False, 'member': {'roles': ['820650766720827402'], 'mute': False, 'joined_at': '2019-06-30T11:29:26.615000+00:00', 'hoisted_role': None, 'deaf': False}, 'id': '926973606897025045', 'flags': 0, 'embeds': [], 'edited_timestamp': None, 'content': '!testOmicron', 'components': [], 'channel_id': '923602353809154058', 'author': {'username': '.sky', 'public_flags': 768, 'id': '351007376779771904', 'discriminator': '9999', 'avatar': '340cf1c9155e1f5af4c32ac4cbccae94'}, 'attachments': [], 'guild_id': '594851991583195137'}}
2022-01-02 00:02:10,796:DEBUG:discord.client: Dispatching event socket_response
2022-01-02 00:02:10,797:DEBUG:discord.client: Dispatching event message
2022-01-02 00:02:10,797:DEBUG:discord.client: Dispatching event command
2022-01-02 00:02:11,921:DEBUG:discord.client: Dispatching event command_error
2022-01-02 00:02:15,242:INFO:discord.client: Received signal to terminate bot and event loop.
2022-01-02 00:02:15,242:INFO:discord.client: Cleaning up tasks.
2022-01-02 00:02:15,242:INFO:discord.client: Cleaning up after 4 tasks.
2022-01-02 00:02:15,244:INFO:discord.client: All tasks finished cancelling.
2022-01-02 00:02:15,244:INFO:discord.client: Closing the event loop.
