2022-01-02 15:21:07,467:WARNING:discord.client: PyNaCl is not installed, voice will NOT be supported
2022-01-02 15:21:07,468:DEBUG:discord.client: on_ready has successfully been registered as an event
2022-01-02 15:21:07,561:INFO:discord.client: logging in using static token
2022-01-02 15:21:07,778:DEBUG:discord.http: GET https://discord.com/api/v7/users/@me with None has returned 200
2022-01-02 15:21:07,778:DEBUG:discord.http: GET https://discord.com/api/v7/users/@me has received {'id': '813476522836885525', 'username': 'sussybot dev', 'avatar': 'c03ad2fbdf1959387c4b00dfc9d5a62f', 'discriminator': '3013', 'public_flags': 0, 'flags': 0, 'bot': True, 'banner': None, 'banner_color': None, 'accent_color': None, 'bio': '', 'locale': 'en-US', 'mfa_enabled': True, 'email': None, 'verified': True}
2022-01-02 15:21:07,802:DEBUG:discord.http: GET https://discord.com/api/v7/gateway with None has returned 200
2022-01-02 15:21:07,803:DEBUG:discord.http: GET https://discord.com/api/v7/gateway has received {'url': 'wss://gateway.discord.gg'}
2022-01-02 15:21:07,996:DEBUG:discord.gateway: Created websocket connected to wss://gateway.discord.gg?encoding=json&v=6&compress=zlib-stream
2022-01-02 15:21:07,997:DEBUG:discord.client: Dispatching event socket_raw_receive
2022-01-02 15:21:07,997:DEBUG:discord.gateway: For Shard ID None: WebSocket Event: {'t': None, 's': None, 'op': 10, 'd': {'heartbeat_interval': 41250, '_trace': ['["gateway-prd-main-n8wf",{"micros":0.0}]']}}
2022-01-02 15:21:07,997:DEBUG:discord.client: Dispatching event socket_response
2022-01-02 15:21:07,997:DEBUG:discord.client: Dispatching event socket_raw_send
2022-01-02 15:21:07,997:DEBUG:discord.client: Dispatching event socket_raw_send
2022-01-02 15:21:07,998:INFO:discord.gateway: Shard ID None has sent the IDENTIFY payload.
2022-01-02 15:21:08,166:DEBUG:discord.client: Dispatching event socket_raw_receive
2022-01-02 15:21:08,167:DEBUG:discord.gateway: For Shard ID None: WebSocket Event: {'t': None, 's': None, 'op': 11, 'd': None}
2022-01-02 15:21:08,167:DEBUG:discord.client: Dispatching event socket_response
2022-01-02 15:21:08,253:DEBUG:discord.client: Dispatching event socket_raw_receive
2022-01-02 15:21:08,254:DEBUG:discord.gateway: For Shard ID None: WebSocket Event: {'t': 'READY', 's': 1, 'op': 0, 'd': {'v': 6, 'user_settings': {}, 'user': {'verified': True, 'username': 'sussybot dev', 'mfa_enabled': True, 'id': '813476522836885525', 'flags': 0, 'email': None, 'discriminator': '3013', 'bot': True, 'avatar': 'c03ad2fbdf1959387c4b00dfc9d5a62f'}, 'session_id': 'f2ec6e14af4c727c04af2fb6e970e4ee', 'relationships': [], 'private_channels': [], 'presences': [], 'guilds': [{'unavailable': True, 'id': '594851991583195137'}], 'guild_join_requests': [], 'geo_ordered_rtc_regions': ['milan', 'stockholm', 'rotterdam', 'st-pete', 'russia'], 'application': {'id': '813476522836885525', 'flags': 262144}, '_trace': ['["gateway-prd-main-n8wf",{"micros":92527,"calls":["discord-sessions-blue-prd-2-5",{"micros":91409,"calls":["start_session",{"micros":69888,"calls":["api-prd-main-m9l7",{"micros":65435,"calls":["get_user",{"micros":10855},"add_authorized_ip",{"micros":4060},"get_guilds",{"micros":8120},"coros_wait",{"micros":2}]}]},"guilds_connect",{"micros":1,"calls":[]},"presence_connect",{"micros":10461,"calls":[]}]}]}]']}}
2022-01-02 15:21:08,254:DEBUG:discord.client: Dispatching event socket_response
2022-01-02 15:21:08,254:INFO:discord.gateway: Shard ID None has connected to Gateway: ["gateway-prd-main-n8wf",{"micros":92527,"calls":["discord-sessions-blue-prd-2-5",{"micros":91409,"calls":["start_session",{"micros":69888,"calls":["api-prd-main-m9l7",{"micros":65435,"calls":["get_user",{"micros":10855},"add_authorized_ip",{"micros":4060},"get_guilds",{"micros":8120},"coros_wait",{"micros":2}]}]},"guilds_connect",{"micros":1,"calls":[]},"presence_connect",{"micros":10461,"calls":[]}]}]}] (Session ID: f2ec6e14af4c727c04af2fb6e970e4ee).
2022-01-02 15:21:08,273:DEBUG:discord.client: Dispatching event connect
2022-01-02 15:21:08,273:DEBUG:discord.client: Dispatching event socket_raw_receive
2022-01-02 15:21:08,273:DEBUG:discord.gateway: For Shard ID None: WebSocket Event: {'t': 'GUILD_CREATE', 's': 2, 'op': 0, 'd': {'rules_channel_id': None, 'verification_level': 0, 'joined_at': '2021-02-22T18:55:13.059000+00:00', 'stage_instances': [], 'discovery_splash': None, 'name': 'Botekko', 'channels': [{'type': 4, 'position': 0, 'permission_overwrites': [], 'name': 'Kanały tekstowe', 'id': '594851991583195139'}, {'type': 0, 'topic': None, 'rate_limit_per_user': 0, 'position': 0, 'permission_overwrites': [], 'parent_id': '594851991583195139', 'name': 'ogólny', 'last_message_id': '927035497304440882', 'id': '594851991583195141'}, {'type': 4, 'position': 0, 'permission_overwrites': [], 'name': 'Kanały głosowe', 'id': '594851991583195143'}, {'user_limit': 0, 'type': 2, 'rtc_region': None, 'rate_limit_per_user': 0, 'position': 0, 'permission_overwrites': [], 'parent_id': '594851991583195143', 'name': 'Ogólne', 'last_message_id': None, 'id': '594851991583195145', 'bitrate': 64000}, {'type': 0, 'topic': None, 'rate_limit_per_user': 0, 'position': 1, 'permission_overwrites': [{'type': 'role', 'id': '594851991583195137', 'deny_new': '0', 'deny': 0, 'allow_new': '0', 'allow': 0}], 'parent_id': '594851991583195139', 'name': 'testowansko', 'last_message_id': '923601445712977930', 'id': '820650672697507870'}, {'type': 0, 'topic': None, 'rate_limit_per_user': 0, 'position': 2, 'permission_overwrites': [{'type': 'role', 'id': '594851991583195137', 'deny_new': '1024', 'deny': 1024, 'allow_new': '0', 'allow': 0}, {'type': 'member', 'id': '813476522836885525', 'deny_new': '0', 'deny': 0, 'allow_new': '1024', 'allow': 1024}, {'type': 'member', 'id': '319463802171293699', 'deny_new': '0', 'deny': 0, 'allow_new': '1024', 'allow': 1024}], 'parent_id': '594851991583195139', 'nsfw': False, 'name': 'dev', 'last_message_id': '926983427767533588', 'id': '923602353809154058', 'banner': None}, {'type': 0, 'topic': None, 'rate_limit_per_user': 0, 'position': 3, 'permission_overwrites': [{'type': 'role', 'id': '594851991583195137', 'deny_new': '1024', 'deny': 1024, 'allow_new': '0', 'allow': 0}, {'type': 'member', 'id': '904794012144246795', 'deny_new': '0', 'deny': 0, 'allow_new': '1024', 'allow': 1024}, {'type': 'member', 'id': '813476522836885525', 'deny_new': '0', 'deny': 0, 'allow_new': '1024', 'allow': 1024}], 'parent_id': '594851991583195139', 'nsfw': False, 'name': 'omikron', 'last_message_id': '926988382037508157', 'id': '923615011350384650', 'banner': None}, {'type': 0, 'topic': None, 'rate_limit_per_user': 0, 'position': 4, 'permission_overwrites': [], 'parent_id': '594851991583195139', 'nsfw': False, 'name': 'pojebane-obliczenia', 'last_message_id': '925887121934417990', 'id': '925873356618735716', 'banner': None}], 'icon': None, 'description': None, 'emojis': [{'roles': [], 'require_colons': True, 'name': 'microbe_2', 'managed': False, 'id': '921081559220629534', 'available': True, 'animated': False}], 'max_video_channel_users': 25, 'explicit_content_filter': 0, 'features': [], 'application_id': None, 'public_updates_channel_id': None, 'premium_subscription_count': 0, 'application_command_counts': {'3': 0, '2': 0, '1': 0}, 'unavailable': False, 'banner': None, 'member_count': 6, 'members': [{'user': {'username': 'sussybot dev', 'id': '813476522836885525', 'discriminator': '3013', 'bot': True, 'avatar': 'c03ad2fbdf1959387c4b00dfc9d5a62f'}, 'roles': ['820650766720827402'], 'mute': False, 'joined_at': '2021-02-22T18:55:13.059000+00:00', 'hoisted_role': None, 'deaf': False}], 'lazy': True, 'premium_tier': 0, 'system_channel_id': '594851991583195141', 'large': False, 'nsfw': False, 'voice_states': [], 'afk_channel_id': None, 'vanity_url_code': None, 'hub_type': None, 'default_message_notifications': 0, 'region': 'deprecated', 'afk_timeout': 300, 'guild_scheduled_events': [], 'threads': [], 'owner_id': '351007376779771904', 'max_members': 250000, 'splash': None, 'guild_hashes': {'version': 1, 'roles': {'omitted': False, 'hash': 'FcHvIdx3TxU'}, 'metadata': {'omitted': False, 'hash': 'aeKGZ8nmMH8'}, 'channels': {'omitted': False, 'hash': 'QuYaj553zvQ'}}, 'mfa_level': 0, 'id': '594851991583195137', 'presences': [], 'roles': [{'unicode_emoji': None, 'position': 0, 'permissions_new': '1071698665025', 'permissions': 104324673, 'name': '@everyone', 'mentionable': False, 'managed': False, 'id': '594851991583195137', 'icon': None, 'hoist': False, 'color': 0}, {'unicode_emoji': None, 'tags': {'bot_id': '533308949957443594'}, 'position': 2, 'permissions_new': '6442450952', 'permissions': 8, 'name': 'SkyBot', 'mentionable': False, 'managed': True, 'id': '594852222668505088', 'icon': None, 'hoist': False, 'color': 0}, {'unicode_emoji': None, 'position': 1, 'permissions_new': '6546775625', 'permissions': 104324681, 'name': 'nub', 'mentionable': False, 'managed': False, 'id': '820650766720827402', 'icon': None, 'hoist': False, 'color': 3447003}, {'unicode_emoji': None, 'tags': {'bot_id': '904794012144246795'}, 'position': 1, 'permissions_new': '534723950656', 'permissions': 522304, 'name': 'sussy bot', 'mentionable': False, 'managed': True, 'id': '904794987584176199', 'icon': None, 'hoist': False, 'color': 0}, {'unicode_emoji': None, 'tags': {'bot_id': '134073775925886976'}, 'position': 1, 'permissions_new': '117824', 'permissions': 117824, 'name': 'MathBot', 'mentionable': False, 'managed': True, 'id': '925873308111605810', 'icon': None, 'hoist': False, 'color': 0}], 'stickers': [], 'preferred_locale': 'en-US', 'application_command_count': 0, 'premium_progress_bar_enabled': False, 'nsfw_level': 0, 'embedded_activities': [], 'system_channel_flags': 0}}
2022-01-02 15:21:08,273:DEBUG:discord.client: Dispatching event socket_response
2022-01-02 15:21:08,274:DEBUG:discord.client: Dispatching event guild_available
2022-01-02 15:21:10,274:DEBUG:discord.client: Dispatching event ready
2022-01-02 15:21:49,248:DEBUG:discord.gateway: Keeping shard ID None websocket alive with sequence 2.
2022-01-02 15:21:49,372:DEBUG:discord.client: Dispatching event socket_raw_receive
2022-01-02 15:21:49,372:DEBUG:discord.gateway: For Shard ID None: WebSocket Event: {'t': None, 's': None, 'op': 11, 'd': None}
2022-01-02 15:21:49,372:DEBUG:discord.client: Dispatching event socket_response
2022-01-02 15:22:30,509:DEBUG:discord.gateway: Keeping shard ID None websocket alive with sequence 2.
2022-01-02 15:22:30,632:DEBUG:discord.client: Dispatching event socket_raw_receive
2022-01-02 15:22:30,632:DEBUG:discord.gateway: For Shard ID None: WebSocket Event: {'t': None, 's': None, 'op': 11, 'd': None}
2022-01-02 15:22:30,632:DEBUG:discord.client: Dispatching event socket_response
2022-01-02 15:23:11,763:DEBUG:discord.gateway: Keeping shard ID None websocket alive with sequence 2.
2022-01-02 15:23:11,887:DEBUG:discord.client: Dispatching event socket_raw_receive
2022-01-02 15:23:11,887:DEBUG:discord.gateway: For Shard ID None: WebSocket Event: {'t': None, 's': None, 'op': 11, 'd': None}
2022-01-02 15:23:11,887:DEBUG:discord.client: Dispatching event socket_response
2022-01-02 15:23:53,025:DEBUG:discord.gateway: Keeping shard ID None websocket alive with sequence 2.
2022-01-02 15:23:53,148:DEBUG:discord.client: Dispatching event socket_raw_receive
2022-01-02 15:23:53,148:DEBUG:discord.gateway: For Shard ID None: WebSocket Event: {'t': None, 's': None, 'op': 11, 'd': None}
2022-01-02 15:23:53,148:DEBUG:discord.client: Dispatching event socket_response
2022-01-02 15:24:04,582:INFO:discord.client: Received signal to terminate bot and event loop.
2022-01-02 15:24:04,582:INFO:discord.client: Cleaning up tasks.
2022-01-02 15:24:04,582:INFO:discord.client: Cleaning up after 3 tasks.
2022-01-02 15:24:04,584:INFO:discord.client: All tasks finished cancelling.
2022-01-02 15:24:04,584:INFO:discord.client: Closing the event loop.
